2024-04-25 23:23:14,871 - INFO - File Path: ./cve_dataset/train
2024-04-25 23:23:14,871 - INFO - func_name, vul_type, true_label, pred_label
2024-04-25 23:23:14,872 - INFO - Scanning file: ./cve_dataset/train/cwe-190.jsonl
2024-04-25 23:23:16,066 - INFO - ImagingLibTiffDecode, cwe-190, 1, 1
2024-04-25 23:23:17,598 - INFO - ImagingLibTiffDecode, cwe-190, 0, 1
2024-04-25 23:23:20,539 - INFO - futex_requeue, cwe-190, 1, 1
2024-04-25 23:23:21,400 - INFO - futex_requeue, cwe-190, 0, 1
2024-04-25 23:23:22,449 - INFO - _gd2GetHeader, cwe-190, 1, 1
2024-04-25 23:23:23,475 - INFO - _gd2GetHeader, cwe-190, 0, 1
2024-04-25 23:23:24,622 - INFO - jpc_pi_nextcprl, cwe-190, 1, 1
2024-04-25 23:23:25,423 - INFO - jpc_pi_nextcprl, cwe-190, 0, 1
2024-04-25 23:23:26,681 - INFO - process_get_command, cwe-190, 1, 1
2024-04-25 23:23:27,655 - INFO - process_get_command, cwe-190, 0, 1
2024-04-25 23:23:28,467 - INFO - Exiv2::WebPImage::getHeaderOffset, cwe-190, 1, 1
2024-04-25 23:23:29,493 - INFO - Exiv2::WebPImage::getHeaderOffset, cwe-190, 0, 1
2024-04-25 23:23:30,306 - INFO - ring_buffer_resize, cwe-190, 1, 1
2024-04-25 23:23:31,422 - INFO - ring_buffer_resize, cwe-190, 0, 1
2024-04-25 23:23:32,654 - INFO - rwpng_read_image24_libpng, cwe-190, 1, 1
2024-04-25 23:23:33,569 - INFO - rwpng_read_image24_libpng, cwe-190, 0, 1
2024-04-25 23:23:34,492 - INFO - UnicodeString::doAppend, cwe-190, 1, 1
2024-04-25 23:23:35,326 - INFO - UnicodeString::doAppend, cwe-190, 0, 1
2024-04-25 23:23:36,400 - INFO - WriteBMPImage, cwe-190, 1, 1
2024-04-25 23:23:37,588 - INFO - WriteBMPImage, cwe-190, 0, 1
2024-04-25 23:23:38,696 - INFO - AllocateDataSet, cwe-190, 1, 1
2024-04-25 23:23:39,719 - INFO - AllocateDataSet, cwe-190, 0, 1
2024-04-25 23:23:40,384 - INFO - vc4_get_bcl, cwe-190, 1, 0
2024-04-25 23:23:41,510 - INFO - vc4_get_bcl, cwe-190, 0, 1
2024-04-25 23:23:42,682 - INFO - TIFFSeekCustomStream, cwe-190, 1, 1
2024-04-25 23:23:43,773 - INFO - TIFFSeekCustomStream, cwe-190, 0, 1
2024-04-25 23:23:44,797 - INFO - perf_cpu_time_max_percent_handler, cwe-190, 1, 1
2024-04-25 23:23:45,721 - INFO - perf_cpu_time_max_percent_handler, cwe-190, 0, 1
2024-04-25 23:23:46,938 - INFO - git_delta_apply, cwe-190, 1, 1
2024-04-25 23:23:48,109 - INFO - git_delta_apply, cwe-190, 0, 1
2024-04-25 23:23:48,943 - INFO - uvesafb_setcmap, cwe-190, 1, 1
2024-04-25 23:23:49,957 - INFO - uvesafb_setcmap, cwe-190, 0, 1
2024-04-25 23:23:50,788 - INFO - b_unpack, cwe-190, 1, 1
2024-04-25 23:23:51,616 - INFO - b_unpack, cwe-190, 0, 1
2024-04-25 23:23:52,530 - INFO - copyaudiodata, cwe-190, 1, 0
2024-04-25 23:23:53,601 - INFO - copyaudiodata, cwe-190, 0, 1
2024-04-25 23:23:54,465 - INFO - _zend_hash_init, cwe-190, 1, 1
2024-04-25 23:23:55,968 - INFO - _zend_hash_init, cwe-190, 0, 1
2024-04-25 23:23:56,747 - INFO - Perl_re_op_compile, cwe-190, 1, 1
2024-04-25 23:23:57,921 - INFO - Perl_re_op_compile, cwe-190, 0, 1
2024-04-25 23:23:59,067 - INFO - mem_check_range, cwe-190, 1, 1
2024-04-25 23:23:59,899 - INFO - mem_check_range, cwe-190, 0, 1
2024-04-25 23:24:01,240 - INFO - set_geometry, cwe-190, 1, 1
2024-04-25 23:24:02,571 - INFO - set_geometry, cwe-190, 0, 1
2024-04-25 23:24:03,635 - INFO - __get_data_block, cwe-190, 1, 1
2024-04-25 23:24:04,986 - INFO - __get_data_block, cwe-190, 0, 1
2024-04-25 23:24:05,859 - INFO - HPHP::StringUtil::Implode, cwe-190, 1, 1
2024-04-25 23:24:06,822 - INFO - HPHP::StringUtil::Implode, cwe-190, 0, 1
2024-04-25 23:24:07,588 - INFO - PHP_FUNCTION, cwe-190, 1, 1
2024-04-25 23:24:08,361 - INFO - PHP_FUNCTION, cwe-190, 0, 0
2024-04-25 23:24:09,372 - INFO - amqp_handle_input, cwe-190, 1, 1
2024-04-25 23:24:10,233 - INFO - amqp_handle_input, cwe-190, 0, 0
2024-04-25 23:24:11,299 - INFO - choose_volume, cwe-190, 1, 1
2024-04-25 23:24:12,238 - INFO - choose_volume, cwe-190, 0, 1
2024-04-25 23:24:12,993 - INFO - cs_winkernel_malloc, cwe-190, 1, 1
2024-04-25 23:24:14,127 - INFO - cs_winkernel_malloc, cwe-190, 0, 0
2024-04-25 23:24:15,012 - INFO - hfs_cat_traverse, cwe-190, 1, 0
2024-04-25 23:24:15,962 - INFO - hfs_cat_traverse, cwe-190, 0, 1
2024-04-25 23:24:17,092 - INFO - PyImaging_MapBuffer, cwe-190, 1, 1
2024-04-25 23:24:18,117 - INFO - PyImaging_MapBuffer, cwe-190, 0, 1
2024-04-25 23:24:19,004 - INFO - read_entry, cwe-190, 1, 1
2024-04-25 23:24:19,972 - INFO - read_entry, cwe-190, 0, 1
2024-04-25 23:24:20,701 - INFO - read_SubStreamsInfo, cwe-190, 1, 1
2024-04-25 23:24:21,530 - INFO - read_SubStreamsInfo, cwe-190, 0, 0
2024-04-25 23:24:22,411 - INFO - gdi_Bitmap_Decompress, cwe-190, 1, 1
2024-04-25 23:24:23,443 - INFO - gdi_Bitmap_Decompress, cwe-190, 0, 1
2024-04-25 23:24:24,467 - INFO - SWFInput_readSBits, cwe-190, 1, 0
2024-04-25 23:24:26,065 - INFO - SWFInput_readSBits, cwe-190, 0, 1
2024-04-25 23:24:26,751 - INFO - layer_resize, cwe-190, 1, 0
2024-04-25 23:24:27,880 - INFO - layer_resize, cwe-190, 0, 1
2024-04-25 23:24:28,787 - INFO - ApplyEvaluateOperator, cwe-190, 1, 1
2024-04-25 23:24:30,110 - INFO - ApplyEvaluateOperator, cwe-190, 0, 1
2024-04-25 23:24:31,035 - INFO - authDigestNonceLink, cwe-190, 1, 1
2024-04-25 23:24:32,421 - INFO - authDigestNonceLink, cwe-190, 0, 1
2024-04-25 23:24:33,112 - INFO - jpc_dec_process_siz, cwe-190, 1, 0
2024-04-25 23:24:34,366 - INFO - jpc_dec_process_siz, cwe-190, 0, 1
2024-04-25 23:24:34,367 - INFO - Total Correct Pred: 38 has_vul Accuracy: 50.0000 vul_type accuracy: 50.0000
2024-04-25 23:24:34,367 - INFO - Scanning file: ./cve_dataset/train/cwe-089.jsonl
2024-04-25 23:24:35,232 - INFO - build_board, cwe-089, 1, 1
2024-04-25 23:24:36,183 - INFO - build_board, cwe-089, 0, 1
2024-04-25 23:24:36,983 - INFO - check_and_update_ranks, cwe-089, 1, 1
2024-04-25 23:24:38,571 - INFO - check_and_update_ranks, cwe-089, 0, 1
2024-04-25 23:24:39,625 - INFO - tag_num_to_tag, cwe-089, 1, 1
2024-04-25 23:24:40,461 - INFO - tag_num_to_tag, cwe-089, 0, 0
2024-04-25 23:24:41,432 - INFO - get_item, cwe-089, 1, 1
2024-04-25 23:24:42,404 - INFO - get_item, cwe-089, 0, 0
2024-04-25 23:24:43,325 - INFO - getPostsByPostid, cwe-089, 1, 1
2024-04-25 23:24:45,168 - INFO - getPostsByPostid, cwe-089, 0, 1
2024-04-25 23:24:46,271 - INFO - getFileCacheID, cwe-089, 1, 1
2024-04-25 23:24:47,644 - INFO - getFileCacheID, cwe-089, 0, 1
2024-04-25 23:24:49,035 - INFO - add_post, cwe-089, 1, 1
2024-04-25 23:24:49,924 - INFO - add_post, cwe-089, 0, 1
2024-04-25 23:24:50,730 - INFO - getSubmissionDateFromDatabase, cwe-089, 1, 1
2024-04-25 23:24:51,819 - INFO - getSubmissionDateFromDatabase, cwe-089, 0, 1
2024-04-25 23:24:52,696 - INFO - ranks, cwe-089, 1, 1
2024-04-25 23:24:53,618 - INFO - ranks, cwe-089, 0, 1
2024-04-25 23:24:55,055 - INFO - set_language, cwe-089, 1, 1
2024-04-25 23:24:55,905 - INFO - set_language, cwe-089, 0, 1
2024-04-25 23:24:56,623 - INFO - tid_num_to_tag_nums, cwe-089, 1, 0
2024-04-25 23:24:57,642 - INFO - tid_num_to_tag_nums, cwe-089, 0, 1
2024-04-25 23:24:58,476 - INFO - summary, cwe-089, 1, 1
2024-04-25 23:24:59,329 - INFO - summary, cwe-089, 0, 1
2024-04-25 23:25:00,517 - INFO - add_post, cwe-089, 1, 1
2024-04-25 23:25:01,351 - INFO - add_post, cwe-089, 0, 0
2024-04-25 23:25:02,081 - INFO - delete_playlist, cwe-089, 1, 0
2024-04-25 23:25:03,325 - INFO - delete_playlist, cwe-089, 0, 1
2024-04-25 23:25:04,268 - INFO - writeToDb, cwe-089, 1, 1
2024-04-25 23:25:05,651 - INFO - writeToDb, cwe-089, 0, 1
2024-04-25 23:25:06,684 - INFO - send_message, cwe-089, 1, 1
2024-04-25 23:25:08,195 - INFO - send_message, cwe-089, 0, 1
2024-04-25 23:25:10,179 - INFO - delete, cwe-089, 1, 0
2024-04-25 23:25:11,025 - INFO - delete, cwe-089, 0, 1
2024-04-25 23:25:12,088 - INFO - delete_playlists_videos, cwe-089, 1, 1
2024-04-25 23:25:12,696 - INFO - delete_playlists_videos, cwe-089, 0, 0
2024-04-25 23:25:13,742 - INFO - upsert_mapped_projects, cwe-089, 1, 1
2024-04-25 23:25:14,430 - INFO - upsert_mapped_projects, cwe-089, 0, 0
2024-04-25 23:25:15,590 - INFO - get_first_ranked_month, cwe-089, 1, 1
2024-04-25 23:25:16,483 - INFO - get_first_ranked_month, cwe-089, 0, 1
2024-04-25 23:25:17,367 - INFO - openPoll, cwe-089, 1, 0
2024-04-25 23:25:19,256 - INFO - openPoll, cwe-089, 0, 1
2024-04-25 23:25:20,226 - INFO - __init__.view_grocery_list, cwe-089, 1, 0
2024-04-25 23:25:21,584 - INFO - __init__.view_grocery_list, cwe-089, 0, 1
2024-04-25 23:25:22,958 - INFO - view_page_record, cwe-089, 1, 1
2024-04-25 23:25:24,180 - INFO - view_page_record, cwe-089, 0, 1
2024-04-25 23:25:25,029 - INFO - update_inverter, cwe-089, 1, 1
2024-04-25 23:25:25,866 - INFO - update_inverter, cwe-089, 0, 1
2024-04-25 23:25:26,957 - INFO - insert, cwe-089, 1, 1
2024-04-25 23:25:27,809 - INFO - insert, cwe-089, 0, 0
2024-04-25 23:25:28,721 - INFO - save_failure_transaction, cwe-089, 1, 0
2024-04-25 23:25:29,835 - INFO - save_failure_transaction, cwe-089, 0, 0
2024-04-25 23:25:30,859 - INFO - test_process_as_form, cwe-089, 1, 0
2024-04-25 23:25:32,292 - INFO - test_process_as_form, cwe-089, 0, 1
2024-04-25 23:25:33,308 - INFO - render_page_name, cwe-089, 1, 1
2024-04-25 23:25:34,428 - INFO - render_page_name, cwe-089, 0, 1
2024-04-25 23:25:35,329 - INFO - tid_to_tid_num, cwe-089, 1, 1
2024-04-25 23:25:36,051 - INFO - tid_to_tid_num, cwe-089, 0, 0
2024-04-25 23:25:37,535 - INFO - get_old_sourcebyinstitution_number, cwe-089, 1, 1
2024-04-25 23:25:38,944 - INFO - get_old_sourcebyinstitution_number, cwe-089, 0, 1
2024-04-25 23:25:39,568 - INFO - top_karma, cwe-089, 1, 0
2024-04-25 23:25:40,594 - INFO - top_karma, cwe-089, 0, 0
2024-04-25 23:25:41,468 - INFO - retrieve_playlist_by_id, cwe-089, 1, 1
2024-04-25 23:25:42,487 - INFO - retrieve_playlist_by_id, cwe-089, 0, 1
2024-04-25 23:25:43,226 - INFO - get_task, cwe-089, 1, 1
2024-04-25 23:25:44,132 - INFO - get_task, cwe-089, 0, 1
2024-04-25 23:25:45,095 - INFO - stats, cwe-089, 1, 1
2024-04-25 23:25:46,074 - INFO - stats, cwe-089, 0, 0
2024-04-25 23:25:49,751 - INFO - delete, cwe-089, 1, Here is the first snippet of code:

```python
def login(user
2024-04-25 23:25:50,688 - INFO - delete, cwe-089, 0, 1
2024-04-25 23:25:51,776 - INFO - verify_rno, cwe-089, 1, 1
2024-04-25 23:25:52,784 - INFO - verify_rno, cwe-089, 0, 1
2024-04-25 23:25:53,426 - INFO - get_requested_day, cwe-089, 1, 0
2024-04-25 23:25:54,173 - INFO - get_requested_day, cwe-089, 0, 0
2024-04-25 23:25:55,018 - INFO - add_language, cwe-089, 1, 0
2024-04-25 23:25:55,825 - INFO - add_language, cwe-089, 0, 1
2024-04-25 23:25:56,394 - INFO - makeJudge, cwe-089, 1, 0
2024-04-25 23:25:57,152 - INFO - makeJudge, cwe-089, 0, 0
2024-04-25 23:25:58,285 - INFO - isValidAdmToken, cwe-089, 1, 1
2024-04-25 23:25:59,948 - INFO - isValidAdmToken, cwe-089, 0, 1
2024-04-25 23:26:00,753 - INFO - get_mapped_projects, cwe-089, 1, 1
2024-04-25 23:26:01,709 - INFO - get_mapped_projects, cwe-089, 0, 1
2024-04-25 23:26:02,887 - INFO - delete_data, cwe-089, 1, 1
2024-04-25 23:26:04,013 - INFO - delete_data, cwe-089, 0, 1
2024-04-25 23:26:05,093 - INFO - user_verify, cwe-089, 1, 1
2024-04-25 23:26:06,275 - INFO - user_verify, cwe-089, 0, 1
2024-04-25 23:26:07,477 - INFO - search_films, cwe-089, 1, 1
2024-04-25 23:26:08,270 - INFO - search_films, cwe-089, 0, 0
2024-04-25 23:26:09,169 - INFO - getGameCountInSeriesSoFar, cwe-089, 1, 1
2024-04-25 23:26:10,035 - INFO - getGameCountInSeriesSoFar, cwe-089, 0, 1
2024-04-25 23:26:11,019 - INFO - add, cwe-089, 1, 1
2024-04-25 23:26:11,899 - INFO - add, cwe-089, 0, 1
2024-04-25 23:26:13,111 - INFO - get_mod_taken_together_with, cwe-089, 1, 1
2024-04-25 23:26:14,241 - INFO - get_mod_taken_together_with, cwe-089, 0, 1
2024-04-25 23:26:14,897 - INFO - wins, cwe-089, 1, 0
2024-04-25 23:26:15,796 - INFO - wins, cwe-089, 0, 0
2024-04-25 23:26:18,480 - INFO - delete_event, cwe-089, 1, 1
2024-04-25 23:26:19,199 - INFO - delete_event, cwe-089, 0, 0
2024-04-25 23:26:20,092 - INFO - add_item, cwe-089, 1, 1
2024-04-25 23:26:21,846 - INFO - add_item, cwe-089, 0, 1
2024-04-25 23:26:23,201 - INFO - fetch_issue, cwe-089, 1, 1
2024-04-25 23:26:24,413 - INFO - fetch_issue, cwe-089, 0, 1
2024-04-25 23:26:25,200 - INFO - also_add, cwe-089, 1, 0
2024-04-25 23:26:26,082 - INFO - also_add, cwe-089, 0, 1
2024-04-25 23:26:27,281 - INFO - getCommentsLike, cwe-089, 1, 1
2024-04-25 23:26:28,261 - INFO - getCommentsLike, cwe-089, 0, 1
2024-04-25 23:26:28,885 - INFO - update_theory_base, cwe-089, 1, 0
2024-04-25 23:26:29,803 - INFO - update_theory_base, cwe-089, 0, 1
2024-04-25 23:26:30,644 - INFO - get_asset_and_volume, cwe-089, 1, 1
2024-04-25 23:26:31,488 - INFO - get_asset_and_volume, cwe-089, 0, 1
2024-04-25 23:26:32,695 - INFO - reportMatch, cwe-089, 1, 1
2024-04-25 23:26:33,906 - INFO - reportMatch, cwe-089, 0, 1
2024-04-25 23:26:34,973 - INFO - getPlayer, cwe-089, 1, 1
2024-04-25 23:26:35,934 - INFO - getPlayer, cwe-089, 0, 1
2024-04-25 23:26:36,646 - INFO - karma_sub, cwe-089, 1, 0
2024-04-25 23:26:37,248 - INFO - karma_sub, cwe-089, 0, 0
2024-04-25 23:26:38,119 - INFO - login, cwe-089, 1, 1
2024-04-25 23:26:39,330 - INFO - login, cwe-089, 0, 1
2024-04-25 23:26:40,460 - INFO - fetch_data, cwe-089, 1, 1
2024-04-25 23:26:41,482 - INFO - fetch_data, cwe-089, 0, 1
2024-04-25 23:26:42,806 - INFO - registerPlayer, cwe-089, 1, 1
2024-04-25 23:26:43,705 - INFO - registerPlayer, cwe-089, 0, 1
2024-04-25 23:26:44,472 - INFO - register, cwe-089, 1, 0
2024-04-25 23:26:45,195 - INFO - register, cwe-089, 0, 0
2024-04-25 23:26:45,961 - INFO - process_form, cwe-089, 1, 1
2024-04-25 23:26:46,714 - INFO - process_form, cwe-089, 0, 0
2024-04-25 23:26:48,067 - INFO - load_user, cwe-089, 1, 1
2024-04-25 23:26:49,075 - INFO - load_user, cwe-089, 0, 1
2024-04-25 23:26:50,058 - INFO - delete, cwe-089, 1, 1
2024-04-25 23:26:51,028 - INFO - delete, cwe-089, 0, 1
2024-04-25 23:26:51,855 - INFO - get_markets, cwe-089, 1, 1
2024-04-25 23:26:52,502 - INFO - get_markets, cwe-089, 0, 0
2024-04-25 23:26:53,398 - INFO - get_secrets, cwe-089, 1, 1
2024-04-25 23:26:54,018 - INFO - get_secrets, cwe-089, 0, 0
2024-04-25 23:26:55,322 - INFO - add_consumption_data_row, cwe-089, 1, 1
2024-04-25 23:26:56,210 - INFO - add_consumption_data_row, cwe-089, 0, 1
2024-04-25 23:26:57,140 - INFO - lookup_assets, cwe-089, 1, 1
2024-04-25 23:26:57,835 - INFO - lookup_assets, cwe-089, 0, 0
2024-04-25 23:26:58,985 - INFO - set_state, cwe-089, 1, 1
2024-04-25 23:27:00,138 - INFO - set_state, cwe-089, 0, 1
2024-04-25 23:27:00,939 - INFO - _get_degree_2, cwe-089, 1, 1
2024-04-25 23:27:02,029 - INFO - _get_degree_2, cwe-089, 0, 1
2024-04-25 23:27:03,291 - INFO - get_tournaments_during_month, cwe-089, 1, 1
2024-04-25 23:27:04,291 - INFO - get_tournaments_during_month, cwe-089, 0, 1
2024-04-25 23:27:05,261 - INFO - add_input, cwe-089, 1, 1
2024-04-25 23:27:06,107 - INFO - add_input, cwe-089, 0, 0
2024-04-25 23:27:07,386 - INFO - get_error_days, cwe-089, 1, 1
2024-04-25 23:27:08,182 - INFO - get_error_days, cwe-089, 0, 1
2024-04-25 23:27:09,096 - INFO - all_deposits, cwe-089, 1, 1
2024-04-25 23:27:09,737 - INFO - all_deposits, cwe-089, 0, 0
2024-04-25 23:27:10,519 - INFO - get_user, cwe-089, 1, 1
2024-04-25 23:27:11,595 - INFO - get_user, cwe-089, 0, 1
2024-04-25 23:27:12,651 - INFO - compare_and_update, cwe-089, 1, 1
2024-04-25 23:27:13,836 - INFO - compare_and_update, cwe-089, 0, 1
2024-04-25 23:27:14,667 - INFO - GameNewPlayed, cwe-089, 1, 1
2024-04-25 23:27:15,661 - INFO - GameNewPlayed, cwe-089, 0, 1
2024-04-25 23:27:16,776 - INFO - insertNPC, cwe-089, 1, 1
2024-04-25 23:27:17,668 - INFO - insertNPC, cwe-089, 0, 1
2024-04-25 23:27:18,549 - INFO - get, cwe-089, 1, 1
2024-04-25 23:27:19,551 - INFO - get, cwe-089, 0, 1
2024-04-25 23:27:20,459 - INFO - h2h, cwe-089, 1, 0
2024-04-25 23:27:21,822 - INFO - h2h, cwe-089, 0, 1
2024-04-25 23:27:22,621 - INFO - insertData, cwe-089, 1, 1
2024-04-25 23:27:23,745 - INFO - insertData, cwe-089, 0, 1
2024-04-25 23:27:24,809 - INFO - get_requested_month_for_inverter, cwe-089, 1, 1
2024-04-25 23:27:25,568 - INFO - get_requested_month_for_inverter, cwe-089, 0, 1
2024-04-25 23:27:26,897 - INFO - delete_resultSet, cwe-089, 1, 1
2024-04-25 23:27:27,720 - INFO - delete_resultSet, cwe-089, 0, 0
2024-04-25 23:27:28,548 - INFO - getSeriesDateFromDatabase, cwe-089, 1, 1
2024-04-25 23:27:29,607 - INFO - getSeriesDateFromDatabase, cwe-089, 0, 1
2024-04-25 23:27:30,629 - INFO - karma_add, cwe-089, 1, 1
2024-04-25 23:27:31,693 - INFO - karma_add, cwe-089, 0, 1
2024-04-25 23:27:32,777 - INFO - update_date_modified, cwe-089, 1, 1
2024-04-25 23:27:33,491 - INFO - update_date_modified, cwe-089, 0, 0
2024-04-25 23:27:34,487 - INFO - system_search, cwe-089, 1, 1
2024-04-25 23:27:35,831 - INFO - system_search, cwe-089, 0, 1
2024-04-25 23:27:36,568 - INFO - add_input, cwe-089, 1, 0
2024-04-25 23:27:37,817 - INFO - add_input, cwe-089, 0, 1
2024-04-25 23:27:38,855 - INFO - get_login, cwe-089, 1, 1
2024-04-25 23:27:39,699 - INFO - get_login, cwe-089, 0, 1
2024-04-25 23:27:40,581 - INFO - login, cwe-089, 1, 1
2024-04-25 23:27:41,783 - INFO - login, cwe-089, 0, 1
2024-04-25 23:27:42,862 - INFO - get_current_state, cwe-089, 1, 1
2024-04-25 23:27:43,669 - INFO - get_current_state, cwe-089, 0, 1
2024-04-25 23:27:44,863 - INFO - fetch_page_name, cwe-089, 1, 1
2024-04-25 23:27:45,608 - INFO - fetch_page_name, cwe-089, 0, 0
2024-04-25 23:27:46,319 - INFO - save_page_edit, cwe-089, 1, 0
2024-04-25 23:27:47,426 - INFO - save_page_edit, cwe-089, 0, 1
2024-04-25 23:27:48,143 - INFO - get_top_popular, cwe-089, 1, 0
2024-04-25 23:27:48,994 - INFO - get_top_popular, cwe-089, 0, 1
2024-04-25 23:27:50,420 - INFO - render_page_edit, cwe-089, 1, 1
2024-04-25 23:27:51,247 - INFO - render_page_edit, cwe-089, 0, 1
2024-04-25 23:27:52,288 - INFO - get_monthly_ranks_for_scene, cwe-089, 1, 1
2024-04-25 23:27:53,198 - INFO - get_monthly_ranks_for_scene, cwe-089, 0, 1
2024-04-25 23:27:53,933 - INFO - auto_unlock_tasks, cwe-089, 1, 0
2024-04-25 23:27:55,269 - INFO - auto_unlock_tasks, cwe-089, 0, 1
2024-04-25 23:27:55,871 - INFO - add_input, cwe-089, 1, 0
2024-04-25 23:27:56,854 - INFO - add_input, cwe-089, 0, 1
2024-04-25 23:27:58,579 - INFO - getAllComments, cwe-089, 1, 1
2024-04-25 23:27:59,484 - INFO - getAllComments, cwe-089, 0, 0
2024-04-25 23:28:00,509 - INFO - update_user, cwe-089, 1, 1
2024-04-25 23:28:01,660 - INFO - update_user, cwe-089, 0, 1
2024-04-25 23:28:03,090 - INFO - save_accepted_transaction, cwe-089, 1, 0
2024-04-25 23:28:04,048 - INFO - save_accepted_transaction, cwe-089, 0, 1
2024-04-25 23:28:04,793 - INFO - shame_ask, cwe-089, 1, 0
2024-04-25 23:28:05,421 - INFO - shame_ask, cwe-089, 0, 0
2024-04-25 23:28:06,510 - INFO - incrementOption, cwe-089, 1, 1
2024-04-25 23:28:07,160 - INFO - incrementOption, cwe-089, 0, 0
2024-04-25 23:28:08,056 - INFO - overview, cwe-089, 1, 1
2024-04-25 23:28:08,977 - INFO - overview, cwe-089, 0, 1
2024-04-25 23:28:09,968 - INFO - addTags, cwe-089, 1, 1
2024-04-25 23:28:10,989 - INFO - addTags, cwe-089, 0, 1
2024-04-25 23:28:11,670 - INFO - edit, cwe-089, 1, 0
2024-04-25 23:28:12,592 - INFO - edit, cwe-089, 0, 1
2024-04-25 23:28:13,232 - INFO - process_form, cwe-089, 1, 0
2024-04-25 23:28:14,484 - INFO - process_form, cwe-089, 0, 1
2024-04-25 23:28:16,145 - INFO - clean_cache, cwe-089, 1, 1
2024-04-25 23:28:16,816 - INFO - clean_cache, cwe-089, 0, 0
2024-04-25 23:28:17,528 - INFO - quiz, cwe-089, 1, 0
2024-04-25 23:28:18,451 - INFO - quiz, cwe-089, 0, 1
2024-04-25 23:28:19,643 - INFO - reportMatch._checkPairing, cwe-089, 1, 1
2024-04-25 23:28:20,347 - INFO - reportMatch._checkPairing, cwe-089, 0, 0
2024-04-25 23:28:21,283 - INFO - add_month_data_row, cwe-089, 1, 1
2024-04-25 23:28:22,337 - INFO - add_month_data_row, cwe-089, 0, 1
2024-04-25 23:28:23,353 - INFO - create_playlist, cwe-089, 1, 0
2024-04-25 23:28:24,164 - INFO - create_playlist, cwe-089, 0, 0
2024-04-25 23:28:25,053 - INFO - karma_ask, cwe-089, 1, 1
2024-04-25 23:28:26,340 - INFO - karma_ask, cwe-089, 0, 1
2024-04-25 23:28:27,110 - INFO - post, cwe-089, 1, 0
2024-04-25 23:28:29,005 - INFO - post, cwe-089, 0, 1
2024-04-25 23:28:29,917 - INFO - add_day_data_row, cwe-089, 1, 1
2024-04-25 23:28:30,945 - INFO - add_day_data_row, cwe-089, 0, 1
2024-04-25 23:28:31,583 - INFO - store_metadata, cwe-089, 1, 0
2024-04-25 23:28:32,360 - INFO - store_metadata, cwe-089, 0, 0
2024-04-25 23:28:33,117 - INFO - get, cwe-089, 1, 1
2024-04-25 23:28:34,175 - INFO - get, cwe-089, 0, 1
2024-04-25 23:28:34,955 - INFO - check, cwe-089, 1, 1
2024-04-25 23:28:35,976 - INFO - check, cwe-089, 0, 1
2024-04-25 23:28:36,926 - INFO - delete_crawl, cwe-089, 1, 1
2024-04-25 23:28:38,024 - INFO - delete_crawl, cwe-089, 0, 1
2024-04-25 23:28:38,879 - INFO - add_movie, cwe-089, 1, 1
2024-04-25 23:28:39,642 - INFO - add_movie, cwe-089, 0, 0
2024-04-25 23:28:40,628 - INFO - new_category, cwe-089, 1, 1
2024-04-25 23:28:41,599 - INFO - new_category, cwe-089, 0, 1
2024-04-25 23:28:42,750 - INFO - get_first_month, cwe-089, 1, 1
2024-04-25 23:28:43,824 - INFO - get_first_month, cwe-089, 0, 1
2024-04-25 23:28:44,652 - INFO - getOptions, cwe-089, 1, 0
2024-04-25 23:28:45,687 - INFO - getOptions, cwe-089, 0, 1
2024-04-25 23:28:47,398 - INFO - retrieve_last_video_position, cwe-089, 1, 1
2024-04-25 23:28:48,500 - INFO - retrieve_last_video_position, cwe-089, 0, 1
2024-04-25 23:28:49,794 - INFO - view_page_history, cwe-089, 1, 1
2024-04-25 23:28:50,654 - INFO - view_page_history, cwe-089, 0, 0
2024-04-25 23:28:51,593 - INFO - add_input, cwe-089, 1, 1
2024-04-25 23:28:52,333 - INFO - add_input, cwe-089, 0, 0
2024-04-25 23:28:53,677 - INFO - get_top_author, cwe-089, 1, 1
2024-04-25 23:28:54,758 - INFO - get_top_author, cwe-089, 0, 1
2024-04-25 23:28:55,771 - INFO - get_all_referrers, cwe-089, 1, 1
2024-04-25 23:28:57,615 - INFO - get_all_referrers, cwe-089, 0, 1
2024-04-25 23:28:58,186 - INFO - add_translationname, cwe-089, 1, 0
2024-04-25 23:28:58,792 - INFO - add_translationname, cwe-089, 0, 0
2024-04-25 23:28:59,923 - INFO - get_max_task_id_for_project, cwe-089, 1, 1
2024-04-25 23:29:00,656 - INFO - get_max_task_id_for_project, cwe-089, 0, 0
2024-04-25 23:29:01,844 - INFO - findNPC, cwe-089, 1, 1
2024-04-25 23:29:02,767 - INFO - findNPC, cwe-089, 0, 1
2024-04-25 23:29:03,754 - INFO - edit, cwe-089, 1, 1
2024-04-25 23:29:04,526 - INFO - edit, cwe-089, 0, 0
2024-04-25 23:29:05,248 - INFO - add_input, cwe-089, 1, 0
2024-04-25 23:29:06,556 - INFO - add_input, cwe-089, 0, 1
2024-04-25 23:29:07,573 - INFO - fetch_resultSet, cwe-089, 1, 1
2024-04-25 23:29:08,330 - INFO - fetch_resultSet, cwe-089, 0, 1
2024-04-25 23:29:09,167 - INFO - init_user, cwe-089, 1, 0
2024-04-25 23:29:10,263 - INFO - init_user, cwe-089, 0, 1
2024-04-25 23:29:10,847 - INFO - process_vote, cwe-089, 1, 1
2024-04-25 23:29:11,700 - INFO - process_vote, cwe-089, 0, 1
2024-04-25 23:29:13,042 - INFO - like, cwe-089, 1, 1
2024-04-25 23:29:13,858 - INFO - like, cwe-089, 0, 1
2024-04-25 23:29:15,032 - INFO - tag_to_tag_num, cwe-089, 1, 1
2024-04-25 23:29:16,115 - INFO - tag_to_tag_num, cwe-089, 0, 1
2024-04-25 23:29:17,644 - INFO - update_history_and_sourcebyinstitution, cwe-089, 1, 1
2024-04-25 23:29:18,663 - INFO - update_history_and_sourcebyinstitution, cwe-089, 0, 1
2024-04-25 23:29:19,790 - INFO - change_message, cwe-089, 1, 1
2024-04-25 23:29:20,614 - INFO - change_message, cwe-089, 0, 1
2024-04-25 23:29:21,487 - INFO - create_event, cwe-089, 1, 1
2024-04-25 23:29:22,377 - INFO - create_event, cwe-089, 0, 1
2024-04-25 23:29:23,114 - INFO - get_login2, cwe-089, 1, 1
2024-04-25 23:29:24,109 - INFO - get_login2, cwe-089, 0, 1
2024-04-25 23:29:24,962 - INFO - get_bracket_graph_data, cwe-089, 1, 1
2024-04-25 23:29:25,829 - INFO - get_bracket_graph_data, cwe-089, 0, 1
2024-04-25 23:29:26,389 - INFO - get, cwe-089, 1, 0
2024-04-25 23:29:27,332 - INFO - get, cwe-089, 0, 1
2024-04-25 23:29:28,398 - INFO - insertUsage, cwe-089, 1, 1
2024-04-25 23:29:29,348 - INFO - insertUsage, cwe-089, 0, 1
2024-04-25 23:29:30,543 - INFO - verify_email, cwe-089, 1, 1
2024-04-25 23:29:31,377 - INFO - verify_email, cwe-089, 0, 1
2024-04-25 23:29:32,149 - INFO - get_previous_yields, cwe-089, 1, 0
2024-04-25 23:29:33,309 - INFO - get_previous_yields, cwe-089, 0, 0
2024-04-25 23:29:34,444 - INFO - referrer_count, cwe-089, 1, 1
2024-04-25 23:29:35,869 - INFO - referrer_count, cwe-089, 0, 0
2024-04-25 23:29:37,118 - INFO - analyze_scene, cwe-089, 1, 1
2024-04-25 23:29:38,224 - INFO - analyze_scene, cwe-089, 0, 1
2024-04-25 23:29:39,090 - INFO - get_article, cwe-089, 1, 1
2024-04-25 23:29:39,993 - INFO - get_article, cwe-089, 0, 1
2024-04-25 23:29:41,006 - INFO - create_cf_base, cwe-089, 1, 1
2024-04-25 23:29:41,712 - INFO - create_cf_base, cwe-089, 0, 0
2024-04-25 23:29:42,708 - INFO - closeGame, cwe-089, 1, 1
2024-04-25 23:29:43,616 - INFO - closeGame, cwe-089, 0, 1
2024-04-25 23:29:44,513 - INFO - cancelFollow, cwe-089, 1, 1
2024-04-25 23:29:45,336 - INFO - cancelFollow, cwe-089, 0, 1
2024-04-25 23:29:47,543 - INFO - change_pass, cwe-089, 1, 1
2024-04-25 23:29:48,559 - INFO - change_pass, cwe-089, 0, 1
2024-04-25 23:29:49,501 - INFO - getCommentsByPostid, cwe-089, 1, 1
2024-04-25 23:29:50,918 - INFO - getCommentsByPostid, cwe-089, 0, 1
2024-04-25 23:29:52,077 - INFO - __init__.callback, cwe-089, 1, 1
2024-04-25 23:29:53,053 - INFO - __init__.callback, cwe-089, 0, 0
2024-04-25 23:29:54,645 - INFO - patch, cwe-089, 1, 1
2024-04-25 23:29:55,678 - INFO - patch, cwe-089, 0, 1
2024-04-25 23:29:56,854 - INFO - edit, cwe-089, 1, 1
2024-04-25 23:29:58,295 - INFO - edit, cwe-089, 0, 1
2024-04-25 23:29:59,126 - INFO - shame_add, cwe-089, 1, 1
2024-04-25 23:29:59,904 - INFO - shame_add, cwe-089, 0, 1
2024-04-25 23:30:00,697 - INFO - can_user_pass_that_amount_of_money, cwe-089, 1, 1
2024-04-25 23:30:01,666 - INFO - can_user_pass_that_amount_of_money, cwe-089, 0, 1
2024-04-25 23:30:02,809 - INFO - placings, cwe-089, 1, 1
2024-04-25 23:30:03,677 - INFO - placings, cwe-089, 0, 0
2024-04-25 23:30:04,583 - INFO - markTokenUsedExternal, cwe-089, 1, 0
2024-04-25 23:30:05,479 - INFO - markTokenUsedExternal, cwe-089, 0, 1
2024-04-25 23:30:06,706 - INFO - get_roster, cwe-089, 1, 0
2024-04-25 23:30:08,045 - INFO - get_roster, cwe-089, 0, 1
2024-04-25 23:30:09,866 - INFO - retrieve_video, cwe-089, 1, 1
2024-04-25 23:30:11,018 - INFO - retrieve_video, cwe-089, 0, 1
2024-04-25 23:30:11,755 - INFO - followFriends, cwe-089, 1, 0
2024-04-25 23:30:13,110 - INFO - followFriends, cwe-089, 0, 1
2024-04-25 23:30:14,426 - INFO - getGameID, cwe-089, 1, 1
2024-04-25 23:30:15,460 - INFO - getGameID, cwe-089, 0, 1
2024-04-25 23:30:16,582 - INFO - top_proxies, cwe-089, 1, 1
2024-04-25 23:30:17,544 - INFO - top_proxies, cwe-089, 0, 1
2024-04-25 23:30:18,569 - INFO - userLogin, cwe-089, 1, 1
2024-04-25 23:30:19,857 - INFO - userLogin, cwe-089, 0, 1
2024-04-25 23:30:21,211 - INFO - search_pages, cwe-089, 1, 1
2024-04-25 23:30:22,024 - INFO - search_pages, cwe-089, 0, 0
2024-04-25 23:30:22,854 - INFO - get_articles_by_subject, cwe-089, 1, 1
2024-04-25 23:30:23,452 - INFO - get_articles_by_subject, cwe-089, 0, 0
2024-04-25 23:30:24,530 - INFO - getQueue, cwe-089, 1, 1
2024-04-25 23:30:25,072 - INFO - getQueue, cwe-089, 0, 0
2024-04-25 23:30:26,122 - INFO - showPoll, cwe-089, 1, 1
2024-04-25 23:30:27,623 - INFO - showPoll, cwe-089, 0, 0
2024-04-25 23:30:28,660 - INFO - process_ranks, cwe-089, 1, 1
2024-04-25 23:30:29,654 - INFO - process_ranks, cwe-089, 0, 1
2024-04-25 23:30:30,748 - INFO - analyze_smashgg, cwe-089, 1, 1
2024-04-25 23:30:31,236 - INFO - analyze_smashgg, cwe-089, 0, 0
2024-04-25 23:30:32,127 - INFO - test, cwe-089, 1, 1
2024-04-25 23:30:33,270 - INFO - test, cwe-089, 0, 1
2024-04-25 23:30:34,195 - INFO - get_last_active_users, cwe-089, 1, 1
2024-04-25 23:30:35,195 - INFO - get_last_active_users, cwe-089, 0, 0
2024-04-25 23:30:36,461 - INFO - on_save, cwe-089, 1, 1
2024-04-25 23:30:38,344 - INFO - on_save, cwe-089, 0, 1
2024-04-25 23:30:40,381 - INFO - update_institutions, cwe-089, 1, 1
2024-04-25 23:30:41,215 - INFO - update_institutions, cwe-089, 0, 0
2024-04-25 23:30:42,140 - INFO - _add_to_db, cwe-089, 1, 1
2024-04-25 23:30:43,682 - INFO - _add_to_db, cwe-089, 0, 1
2024-04-25 23:30:44,903 - INFO - deletePost, cwe-089, 1, 1
2024-04-25 23:30:45,825 - INFO - deletePost, cwe-089, 0, 1
2024-04-25 23:30:46,795 - INFO - sloka, cwe-089, 1, 0
2024-04-25 23:30:48,215 - INFO - sloka, cwe-089, 0, 1
2024-04-25 23:30:49,908 - INFO - update_title, cwe-089, 1, 1
2024-04-25 23:30:51,551 - INFO - update_title, cwe-089, 0, 1
2024-04-25 23:30:52,473 - INFO - add_language, cwe-089, 1, 1
2024-04-25 23:30:53,437 - INFO - add_language, cwe-089, 0, 1
2024-04-25 23:30:53,438 - INFO - Total Correct Pred: 184 has_vul Accuracy: 50.0000 vul_type accuracy: 50.0000
2024-04-25 23:30:53,438 - INFO - Scanning file: ./cve_dataset/train/cwe-787.jsonl
2024-04-25 23:30:54,629 - INFO - rfbHandleAuthResult, cwe-787, 1, 1
2024-04-25 23:30:55,623 - INFO - rfbHandleAuthResult, cwe-787, 0, 0
2024-04-25 23:30:57,183 - INFO - jbig2_image_compose, cwe-787, 1, 0
2024-04-25 23:30:58,202 - INFO - jbig2_image_compose, cwe-787, 0, 1
2024-04-25 23:30:58,837 - INFO - next_state_class, cwe-787, 1, 0
2024-04-25 23:30:59,572 - INFO - next_state_class, cwe-787, 0, 0
2024-04-25 23:31:01,683 - INFO - mpol_parse_str, cwe-787, 1, 1
2024-04-25 23:31:02,989 - INFO - mpol_parse_str, cwe-787, 0, 1
2024-04-25 23:31:03,708 - INFO - keycompare_mb, cwe-787, 1, 0
2024-04-25 23:31:04,911 - INFO - keycompare_mb, cwe-787, 0, 1
2024-04-25 23:31:05,772 - INFO - next_state_val, cwe-787, 1, 1
2024-04-25 23:31:08,140 - INFO - next_state_val, cwe-787, 0, 0
2024-04-25 23:31:09,810 - INFO - cbs_jpeg_split_fragment, cwe-787, 1, 1
2024-04-25 23:31:10,523 - INFO - cbs_jpeg_split_fragment, cwe-787, 0, 1
2024-04-25 23:31:11,433 - INFO - avcodec_align_dimensions2, cwe-787, 1, 0
2024-04-25 23:31:12,201 - INFO - avcodec_align_dimensions2, cwe-787, 0, 1
2024-04-25 23:31:13,168 - INFO - ContentLine_Analyzer::DoDeliverOnce, cwe-787, 1, 1
2024-04-25 23:31:14,081 - INFO - ContentLine_Analyzer::DoDeliverOnce, cwe-787, 0, 1
2024-04-25 23:31:15,208 - INFO - idn2_to_ascii_4i, cwe-787, 1, 1
2024-04-25 23:31:16,337 - INFO - idn2_to_ascii_4i, cwe-787, 0, 1
2024-04-25 23:31:17,221 - INFO - blosc_c, cwe-787, 1, 1
2024-04-25 23:31:18,146 - INFO - blosc_c, cwe-787, 0, 0
2024-04-25 23:31:19,287 - INFO - re2c::Scanner::fill, cwe-787, 1, 1
2024-04-25 23:31:20,531 - INFO - re2c::Scanner::fill, cwe-787, 0, 0
2024-04-25 23:31:21,651 - INFO - input_csi_dispatch_sgr_colon, cwe-787, 1, 1
2024-04-25 23:31:22,676 - INFO - input_csi_dispatch_sgr_colon, cwe-787, 0, 1
2024-04-25 23:31:23,393 - INFO - enl_ipc_get, cwe-787, 1, 0
2024-04-25 23:31:24,390 - INFO - enl_ipc_get, cwe-787, 0, 1
2024-04-25 23:31:25,144 - INFO - xdp_umem_reg, cwe-787, 1, 1
2024-04-25 23:31:26,092 - INFO - xdp_umem_reg, cwe-787, 0, 1
2024-04-25 23:31:27,438 - INFO - gps_tracker, cwe-787, 1, 1
2024-04-25 23:31:28,201 - INFO - gps_tracker, cwe-787, 0, 1
2024-04-25 23:31:29,276 - INFO - tcp_test, cwe-787, 1, 1
2024-04-25 23:31:30,144 - INFO - tcp_test, cwe-787, 0, 1
2024-04-25 23:31:31,488 - INFO - mapi_attr_read, cwe-787, 1, 1
2024-04-25 23:31:32,181 - INFO - mapi_attr_read, cwe-787, 0, 0
2024-04-25 23:31:33,233 - INFO - WritePSDChannel, cwe-787, 1, 1
2024-04-25 23:31:33,939 - INFO - WritePSDChannel, cwe-787, 0, 1
2024-04-25 23:31:35,168 - INFO - flb_gzip_compress, cwe-787, 1, 1
2024-04-25 23:31:36,521 - INFO - flb_gzip_compress, cwe-787, 0, 1
2024-04-25 23:31:37,747 - INFO - sc_oberthur_read_file, cwe-787, 1, 1
2024-04-25 23:31:38,869 - INFO - sc_oberthur_read_file, cwe-787, 0, 1
2024-04-25 23:31:39,949 - INFO - tflite::ops::builtin::segment_sum::ResizeOutputTensor, cwe-787, 1, 1
2024-04-25 23:31:40,824 - INFO - tflite::ops::builtin::segment_sum::ResizeOutputTensor, cwe-787, 0, 1
2024-04-25 23:31:41,720 - INFO - mwifiex_ret_wmm_get_status, cwe-787, 1, 1
2024-04-25 23:31:42,853 - INFO - mwifiex_ret_wmm_get_status, cwe-787, 0, 1
2024-04-25 23:31:43,576 - INFO - patch, cwe-787, 1, 0
2024-04-25 23:31:44,614 - INFO - patch, cwe-787, 0, 1
2024-04-25 23:31:45,653 - INFO - HandleRFBServerMessage, cwe-787, 1, 1
2024-04-25 23:31:47,288 - INFO - HandleRFBServerMessage, cwe-787, 0, 1
2024-04-25 23:31:48,248 - INFO - enc_untrusted_create_wait_queue, cwe-787, 1, 0
2024-04-25 23:31:48,927 - INFO - enc_untrusted_create_wait_queue, cwe-787, 0, 0
2024-04-25 23:31:49,793 - INFO - FromkLinuxSockAddr, cwe-787, 1, 1
2024-04-25 23:31:50,535 - INFO - FromkLinuxSockAddr, cwe-787, 0, 0
2024-04-25 23:31:51,169 - INFO - opj_pi_create_decode, cwe-787, 1, 0
2024-04-25 23:31:52,764 - INFO - opj_pi_create_decode, cwe-787, 0, 1
2024-04-25 23:31:53,623 - INFO - opj_j2k_set_cinema_parameters, cwe-787, 1, 1
2024-04-25 23:31:54,759 - INFO - opj_j2k_set_cinema_parameters, cwe-787, 0, 1
2024-04-25 23:31:55,745 - INFO - adminchild, cwe-787, 1, 1
2024-04-25 23:31:56,746 - INFO - adminchild, cwe-787, 0, 1
2024-04-25 23:31:58,407 - INFO - ecall_restore, cwe-787, 1, 1
2024-04-25 23:31:59,865 - INFO - ecall_restore, cwe-787, 0, 1
2024-04-25 23:32:01,175 - INFO - handle_PORT, cwe-787, 1, 1
2024-04-25 23:32:02,202 - INFO - handle_PORT, cwe-787, 0, 1
2024-04-25 23:32:02,987 - INFO - rom_copy, cwe-787, 1, 0
2024-04-25 23:32:04,661 - INFO - rom_copy, cwe-787, 0, 1
2024-04-25 23:32:05,480 - INFO - NeXTDecode, cwe-787, 1, 1
2024-04-25 23:32:06,617 - INFO - NeXTDecode, cwe-787, 0, 1
2024-04-25 23:32:07,362 - INFO - TiledInputFile::rawTileData, cwe-787, 1, 0
2024-04-25 23:32:08,282 - INFO - TiledInputFile::rawTileData, cwe-787, 0, 1
2024-04-25 23:32:09,072 - INFO - tcos_decipher, cwe-787, 1, 0
2024-04-25 23:32:10,020 - INFO - tcos_decipher, cwe-787, 0, 1
2024-04-25 23:32:10,999 - INFO - decode_zbuf, cwe-787, 1, 1
2024-04-25 23:32:11,949 - INFO - decode_zbuf, cwe-787, 0, 1
2024-04-25 23:32:12,913 - INFO - MultiPartInputFile::Data::chunkOffsetReconstruction, cwe-787, 1, 0
2024-04-25 23:32:13,727 - INFO - MultiPartInputFile::Data::chunkOffsetReconstruction, cwe-787, 0, 1
2024-04-25 23:32:15,087 - INFO - make_canonical, cwe-787, 1, 1
2024-04-25 23:32:15,929 - INFO - make_canonical, cwe-787, 0, 0
2024-04-25 23:32:16,953 - INFO - decode_frame, cwe-787, 1, 1
2024-04-25 23:32:18,127 - INFO - decode_frame, cwe-787, 0, 1
2024-04-25 23:32:18,994 - INFO - add_password, cwe-787, 1, 1
2024-04-25 23:32:19,640 - INFO - add_password, cwe-787, 0, 0
2024-04-25 23:32:21,040 - INFO - unicode_unfold_key, cwe-787, 1, 1
2024-04-25 23:32:22,122 - INFO - unicode_unfold_key, cwe-787, 0, 1
2024-04-25 23:32:23,301 - INFO - PHP_FUNCTION, cwe-787, 1, 1
2024-04-25 23:32:24,445 - INFO - PHP_FUNCTION, cwe-787, 0, 1
2024-04-25 23:32:25,236 - INFO - rfbProcessFileTransferReadBuffer, cwe-787, 1, 0
2024-04-25 23:32:26,219 - INFO - rfbProcessFileTransferReadBuffer, cwe-787, 0, 1
2024-04-25 23:32:27,121 - INFO - track_header, cwe-787, 1, 1
2024-04-25 23:32:28,290 - INFO - track_header, cwe-787, 0, 1
2024-04-25 23:32:29,147 - INFO - yaffsfs_istat, cwe-787, 1, 1
2024-04-25 23:32:30,379 - INFO - yaffsfs_istat, cwe-787, 0, 1
2024-04-25 23:32:31,080 - INFO - InsertRow, cwe-787, 1, 0
2024-04-25 23:32:32,256 - INFO - InsertRow, cwe-787, 0, 1
2024-04-25 23:32:33,043 - INFO - rds_rdma_extra_size, cwe-787, 1, 1
2024-04-25 23:32:34,271 - INFO - rds_rdma_extra_size, cwe-787, 0, 1
2024-04-25 23:32:35,136 - INFO - decode_frame, cwe-787, 1, 1
2024-04-25 23:32:35,850 - INFO - decode_frame, cwe-787, 0, 1
2024-04-25 23:32:36,887 - INFO - concat_opt_exact_str, cwe-787, 1, 0
2024-04-25 23:32:38,435 - INFO - concat_opt_exact_str, cwe-787, 0, 1
2024-04-25 23:32:38,435 - INFO - Total Correct Pred: 50 has_vul Accuracy: 50.0000 vul_type accuracy: 50.0000
2024-04-25 23:32:38,435 - INFO - Scanning file: ./cve_dataset/train/cwe-079.jsonl
2024-04-25 23:32:39,535 - INFO - init_settings, cwe-079, 1, 1
2024-04-25 23:32:40,615 - INFO - init_settings, cwe-079, 0, 1
2024-04-25 23:32:41,735 - INFO - DeletionConfirmationDlg::DeletionConfirmationDlg, cwe-079, 1, 1
2024-04-25 23:32:42,886 - INFO - DeletionConfirmationDlg::DeletionConfirmationDlg, cwe-079, 0, 1
2024-04-25 23:32:43,877 - INFO - get, cwe-079, 1, 1
2024-04-25 23:32:45,761 - INFO - get, cwe-079, 0, 1
2024-04-25 23:32:46,792 - INFO - index, cwe-079, 1, 1
2024-04-25 23:32:47,866 - INFO - index, cwe-079, 0, 1
2024-04-25 23:32:48,820 - INFO - respond_error, cwe-079, 1, 1
2024-04-25 23:32:50,355 - INFO - respond_error, cwe-079, 0, 0
2024-04-25 23:32:51,941 - INFO - edit_bundle, cwe-079, 1, 1
2024-04-25 23:32:53,107 - INFO - edit_bundle, cwe-079, 0, 1
2024-04-25 23:32:54,219 - INFO - history_data, cwe-079, 1, 1
2024-04-25 23:32:55,894 - INFO - history_data, cwe-079, 0, 1
2024-04-25 23:32:57,006 - INFO - json_dumps, cwe-079, 1, 1
2024-04-25 23:32:58,016 - INFO - json_dumps, cwe-079, 0, 0
2024-04-25 23:32:59,143 - INFO - htmlvalue, cwe-079, 1, 1
2024-04-25 23:33:00,152 - INFO - htmlvalue, cwe-079, 0, 1
2024-04-25 23:33:01,494 - INFO - gravatar, cwe-079, 1, 1
2024-04-25 23:33:02,185 - INFO - gravatar, cwe-079, 0, 0
2024-04-25 23:33:02,777 - INFO - PeerListWidget::addPeer, cwe-079, 1, 0
2024-04-25 23:33:03,623 - INFO - PeerListWidget::addPeer, cwe-079, 0, 1
2024-04-25 23:33:04,412 - INFO - is_safe_url, cwe-079, 1, 1
2024-04-25 23:33:05,509 - INFO - is_safe_url, cwe-079, 0, 1
2024-04-25 23:33:06,243 - INFO - get_context_data, cwe-079, 1, 0
2024-04-25 23:33:07,407 - INFO - get_context_data, cwe-079, 0, 1
2024-04-25 23:33:08,437 - INFO - edit_workflow, cwe-079, 1, 1
2024-04-25 23:33:09,973 - INFO - edit_workflow, cwe-079, 0, 1
2024-04-25 23:33:10,924 - INFO - simple_search, cwe-079, 1, 1
2024-04-25 23:33:11,734 - INFO - simple_search, cwe-079, 0, 1
2024-04-25 23:33:12,677 - INFO - HPHP::WddxPacket::recursiveAddVar, cwe-079, 1, 1
2024-04-25 23:33:13,613 - INFO - HPHP::WddxPacket::recursiveAddVar, cwe-079, 0, 1
2024-04-25 23:33:14,583 - INFO - mode_receive, cwe-079, 1, 1
2024-04-25 23:33:15,129 - INFO - mode_receive, cwe-079, 0, 0
2024-04-25 23:33:16,043 - INFO - edit_coordinator, cwe-079, 1, 1
2024-04-25 23:33:17,159 - INFO - edit_coordinator, cwe-079, 0, 1
2024-04-25 23:33:18,385 - INFO - _keyify, cwe-079, 1, 1
2024-04-25 23:33:19,409 - INFO - _keyify, cwe-079, 0, 1
2024-04-25 23:33:20,354 - INFO - batch_edit_translations, cwe-079, 1, 1
2024-04-25 23:33:21,459 - INFO - batch_edit_translations, cwe-079, 0, 0
2024-04-25 23:33:22,582 - INFO - make_eb_config, cwe-079, 1, 1
2024-04-25 23:33:23,909 - INFO - make_eb_config, cwe-079, 0, 1
2024-04-25 23:33:24,923 - INFO - mode_keepalive, cwe-079, 1, 1
2024-04-25 23:33:25,657 - INFO - mode_keepalive, cwe-079, 0, 0
2024-04-25 23:33:26,905 - INFO - Logger::addPeer, cwe-079, 1, 1
2024-04-25 23:33:28,175 - INFO - Logger::addPeer, cwe-079, 0, 1
2024-04-25 23:33:28,965 - INFO - subscribe_for_tags, cwe-079, 1, 1
2024-04-25 23:33:30,134 - INFO - subscribe_for_tags, cwe-079, 0, 1
2024-04-25 23:33:31,156 - INFO - nav_path, cwe-079, 1, 1
2024-04-25 23:33:32,416 - INFO - nav_path, cwe-079, 0, 1
2024-04-25 23:33:33,891 - INFO - __init__, cwe-079, 1, 1
2024-04-25 23:33:34,887 - INFO - __init__, cwe-079, 0, 0
2024-04-25 23:33:35,781 - INFO - link_dialog, cwe-079, 1, 1
2024-04-25 23:33:36,656 - INFO - link_dialog, cwe-079, 0, 1
2024-04-25 23:33:37,879 - INFO - action_save_user, cwe-079, 1, 1
2024-04-25 23:33:38,699 - INFO - action_save_user, cwe-079, 0, 1
2024-04-25 23:33:39,594 - INFO - save, cwe-079, 1, 1
2024-04-25 23:33:40,795 - INFO - save, cwe-079, 0, 1
2024-04-25 23:33:41,728 - INFO - PropertiesWidget::loadTorrentInfos, cwe-079, 1, 1
2024-04-25 23:33:42,666 - INFO - PropertiesWidget::loadTorrentInfos, cwe-079, 0, 1
2024-04-25 23:33:43,545 - INFO - mode_close, cwe-079, 1, 1
2024-04-25 23:33:44,481 - INFO - mode_close, cwe-079, 0, 1
2024-04-25 23:33:45,353 - INFO - get_queryset, cwe-079, 1, 1
2024-04-25 23:33:46,264 - INFO - get_queryset, cwe-079, 0, 1
2024-04-25 23:33:47,450 - INFO - screenshotcommentcounts, cwe-079, 1, 0
2024-04-25 23:33:48,263 - INFO - screenshotcommentcounts, cwe-079, 0, 1
2024-04-25 23:33:49,753 - INFO - mode_input, cwe-079, 1, 1
2024-04-25 23:33:50,468 - INFO - mode_input, cwe-079, 0, 0
2024-04-25 23:33:51,565 - INFO - get_list_context, cwe-079, 1, 1
2024-04-25 23:33:52,656 - INFO - get_list_context, cwe-079, 0, 1
2024-04-25 23:33:53,920 - INFO - mode_init, cwe-079, 1, 0
2024-04-25 23:33:54,672 - INFO - mode_init, cwe-079, 0, 0
2024-04-25 23:33:56,192 - INFO - handle_file, cwe-079, 1, 1
2024-04-25 23:33:57,062 - INFO - handle_file, cwe-079, 0, 1
2024-04-25 23:33:58,202 - INFO - commentcounts, cwe-079, 1, 1
2024-04-25 23:33:59,720 - INFO - commentcounts, cwe-079, 0, 1
2024-04-25 23:34:00,626 - INFO - oidc_handle_session_management_iframe_rp, cwe-079, 1, 1
2024-04-25 23:34:01,535 - INFO - oidc_handle_session_management_iframe_rp, cwe-079, 0, 1
2024-04-25 23:34:02,321 - INFO - Logger::addMessage, cwe-079, 1, 0
2024-04-25 23:34:03,385 - INFO - Logger::addMessage, cwe-079, 0, 1
2024-04-25 23:34:04,545 - INFO - get, cwe-079, 1, 1
2024-04-25 23:34:05,632 - INFO - get, cwe-079, 0, 1
2024-04-25 23:34:06,689 - INFO - manipulate_reservation_action, cwe-079, 1, 1
2024-04-25 23:34:07,621 - INFO - manipulate_reservation_action, cwe-079, 0, 1
2024-04-25 23:34:08,444 - INFO - html_content, cwe-079, 1, 0
2024-04-25 23:34:09,793 - INFO - html_content, cwe-079, 0, 1
2024-04-25 23:34:10,599 - INFO - get_context_data, cwe-079, 1, 0
2024-04-25 23:34:11,635 - INFO - get_context_data, cwe-079, 0, 0
2024-04-25 23:34:12,862 - INFO - add_article_action, cwe-079, 1, 1
2024-04-25 23:34:13,736 - INFO - add_article_action, cwe-079, 0, 1
2024-04-25 23:34:13,736 - INFO - Total Correct Pred: 45 has_vul Accuracy: 50.0000 vul_type accuracy: 50.0000
2024-04-25 23:34:13,736 - INFO - Scanning file: ./cve_dataset/train/cwe-416.jsonl
2024-04-25 23:34:15,042 - INFO - disk_seqf_stop, cwe-416, 1, 1
2024-04-25 23:34:16,037 - INFO - disk_seqf_stop, cwe-416, 0, 1
2024-04-25 23:34:16,733 - INFO - dbd_st_fetch, cwe-416, 1, 0
2024-04-25 23:34:17,671 - INFO - dbd_st_fetch, cwe-416, 0, 1
2024-04-25 23:34:18,550 - INFO - Magick::Image::read, cwe-416, 1, 1
2024-04-25 23:34:20,056 - INFO - Magick::Image::read, cwe-416, 0, 1
2024-04-25 23:34:20,775 - INFO - sctp_do_peeloff, cwe-416, 1, 0
2024-04-25 23:34:21,535 - INFO - sctp_do_peeloff, cwe-416, 0, 1
2024-04-25 23:34:22,483 - INFO - ap_limit_section, cwe-416, 1, 1
2024-04-25 23:34:23,319 - INFO - ap_limit_section, cwe-416, 0, 1
2024-04-25 23:34:24,769 - INFO - do_mq_notify, cwe-416, 1, 1
2024-04-25 23:34:25,624 - INFO - do_mq_notify, cwe-416, 0, 0
2024-04-25 23:34:26,732 - INFO - xc2028_set_config, cwe-416, 1, 1
2024-04-25 23:34:27,717 - INFO - xc2028_set_config, cwe-416, 0, 1
2024-04-25 23:34:28,618 - INFO - snd_pcm_period_elapsed, cwe-416, 1, 1
2024-04-25 23:34:29,354 - INFO - snd_pcm_period_elapsed, cwe-416, 0, 0
2024-04-25 23:34:30,032 - INFO - wwunpack, cwe-416, 1, 0
2024-04-25 23:34:31,068 - INFO - wwunpack, cwe-416, 0, 1
2024-04-25 23:34:32,143 - INFO - __ext4_journal_stop, cwe-416, 1, 1
2024-04-25 23:34:33,036 - INFO - __ext4_journal_stop, cwe-416, 0, 1
2024-04-25 23:34:34,133 - INFO - blk_rq_map_user_iov, cwe-416, 1, 1
2024-04-25 23:34:35,495 - INFO - blk_rq_map_user_iov, cwe-416, 0, 1
2024-04-25 23:34:36,504 - INFO - mif_process_cmpt, cwe-416, 1, 1
2024-04-25 23:34:37,852 - INFO - mif_process_cmpt, cwe-416, 0, 1
2024-04-25 23:34:38,553 - INFO - onig_new_deluxe, cwe-416, 1, 0
2024-04-25 23:34:39,559 - INFO - onig_new_deluxe, cwe-416, 0, 1
2024-04-25 23:34:40,531 - INFO - usb_sg_cancel, cwe-416, 1, 1
2024-04-25 23:34:41,684 - INFO - usb_sg_cancel, cwe-416, 0, 1
2024-04-25 23:34:42,589 - INFO - ip4_datagram_release_cb, cwe-416, 1, 1
2024-04-25 23:34:43,602 - INFO - ip4_datagram_release_cb, cwe-416, 0, 1
2024-04-25 23:34:44,396 - INFO - mark_context_stack, cwe-416, 1, 1
2024-04-25 23:34:45,201 - INFO - mark_context_stack, cwe-416, 0, 1
2024-04-25 23:34:46,848 - INFO - shadow_server_start, cwe-416, 1, 1
2024-04-25 23:34:47,796 - INFO - shadow_server_start, cwe-416, 0, 1
2024-04-25 23:34:48,579 - INFO - Curl_close, cwe-416, 1, 0
2024-04-25 23:34:49,494 - INFO - Curl_close, cwe-416, 0, 1
2024-04-25 23:34:50,372 - INFO - ExprAppendMultiKeysymList, cwe-416, 1, 0
2024-04-25 23:34:51,742 - INFO - ExprAppendMultiKeysymList, cwe-416, 0, 1
2024-04-25 23:34:52,504 - INFO - mm_init, cwe-416, 1, 0
2024-04-25 23:34:53,176 - INFO - mm_init, cwe-416, 0, 0
2024-04-25 23:34:54,060 - INFO - PHP_MINIT_FUNCTION, cwe-416, 0, 1
2024-04-25 23:34:54,992 - INFO - do_get_mempolicy, cwe-416, 1, 1
2024-04-25 23:34:56,039 - INFO - do_get_mempolicy, cwe-416, 0, 1
2024-04-25 23:34:56,754 - INFO - wddx_stack_destroy, cwe-416, 0, 0
2024-04-25 23:34:57,618 - INFO - regulator_ena_gpio_free, cwe-416, 1, 1
2024-04-25 23:34:58,390 - INFO - regulator_ena_gpio_free, cwe-416, 0, 0
2024-04-25 23:34:59,416 - INFO - usb_console_setup, cwe-416, 1, 1
2024-04-25 23:35:00,553 - INFO - usb_console_setup, cwe-416, 0, 0
2024-04-25 23:35:01,805 - INFO - ipxitf_ioctl, cwe-416, 1, 1
2024-04-25 23:35:03,114 - INFO - ipxitf_ioctl, cwe-416, 0, 0
2024-04-25 23:35:04,411 - INFO - PHP_MINIT_FUNCTION, cwe-416, 0, 1
2024-04-25 23:35:05,425 - INFO - get_task_ioprio, cwe-416, 1, 1
2024-04-25 23:35:06,259 - INFO - get_task_ioprio, cwe-416, 0, 1
2024-04-25 23:35:07,463 - INFO - SetImageType, cwe-416, 1, 1
2024-04-25 23:35:08,274 - INFO - SetImageType, cwe-416, 0, 1
2024-04-25 23:35:08,988 - INFO - updateDevice, cwe-416, 1, 0
2024-04-25 23:35:10,024 - INFO - updateDevice, cwe-416, 0, 1
2024-04-25 23:35:10,861 - INFO - kvm_ioctl_create_device, cwe-416, 1, 1
2024-04-25 23:35:11,744 - INFO - kvm_ioctl_create_device, cwe-416, 0, 1
2024-04-25 23:35:13,107 - INFO - SMB2_read, cwe-416, 1, 1
2024-04-25 23:35:14,040 - INFO - SMB2_read, cwe-416, 0, 1
2024-04-25 23:35:15,279 - INFO - archive_read_format_rar_read_data, cwe-416, 1, 1
2024-04-25 23:35:16,380 - INFO - archive_read_format_rar_read_data, cwe-416, 0, 1
2024-04-25 23:35:17,296 - INFO - r_anal_bb_free, cwe-416, 1, 1
2024-04-25 23:35:18,118 - INFO - r_anal_bb_free, cwe-416, 0, 0
2024-04-25 23:35:19,260 - INFO - hci_uart_set_proto, cwe-416, 1, 1
2024-04-25 23:35:20,432 - INFO - hci_uart_set_proto, cwe-416, 0, 1
2024-04-25 23:35:21,284 - INFO - rm_read_multi, cwe-416, 1, 0
2024-04-25 23:35:22,774 - INFO - rm_read_multi, cwe-416, 0, 1
2024-04-25 23:35:23,734 - INFO - HeifContext::interpret_heif_file, cwe-416, 1, 1
2024-04-25 23:35:24,670 - INFO - HeifContext::interpret_heif_file, cwe-416, 0, 1
2024-04-25 23:35:25,587 - INFO - PlayerGeneric::~PlayerGeneric, cwe-416, 1, 1
2024-04-25 23:35:26,606 - INFO - PlayerGeneric::~PlayerGeneric, cwe-416, 0, 1
2024-04-25 23:35:28,062 - INFO - vips_foreign_load_gif_scan_image, cwe-416, 1, 1
2024-04-25 23:35:29,264 - INFO - vips_foreign_load_gif_scan_image, cwe-416, 0, 1
2024-04-25 23:35:30,137 - INFO - ReadMATImage, cwe-416, 1, 1
2024-04-25 23:35:31,137 - INFO - ReadMATImage, cwe-416, 0, 1
2024-04-25 23:35:32,905 - INFO - opj_j2k_write_mco, cwe-416, 1, 0
2024-04-25 23:35:34,466 - INFO - opj_j2k_write_mco, cwe-416, 0, 1
2024-04-25 23:35:35,304 - INFO - tcpmss_mangle_packet, cwe-416, 1, 0
2024-04-25 23:35:36,759 - INFO - tcpmss_mangle_packet, cwe-416, 0, 1
2024-04-25 23:35:38,165 - INFO - luaD_shrinkstack, cwe-416, 1, 1
2024-04-25 23:35:38,952 - INFO - luaD_shrinkstack, cwe-416, 0, 1
2024-04-25 23:35:39,962 - INFO - mrb_vm_exec, cwe-416, 1, 1
2024-04-25 23:35:40,940 - INFO - mrb_vm_exec, cwe-416, 0, 1
2024-04-25 23:35:41,800 - INFO - __ns_get_path, cwe-416, 1, 1
2024-04-25 23:35:42,869 - INFO - __ns_get_path, cwe-416, 0, 1
2024-04-25 23:35:43,680 - INFO - PHP_FUNCTION, cwe-416, 1, 1
2024-04-25 23:35:46,100 - INFO - PHP_FUNCTION, cwe-416, 0, 1
2024-04-25 23:35:47,254 - INFO - TraceBezier, cwe-416, 1, 1
2024-04-25 23:35:48,084 - INFO - TraceBezier, cwe-416, 0, 0
2024-04-25 23:35:49,526 - INFO - parse_playlist, cwe-416, 1, 1
2024-04-25 23:35:50,720 - INFO - parse_playlist, cwe-416, 0, 1
2024-04-25 23:35:51,605 - INFO - get_net_ns_by_id, cwe-416, 1, 1
2024-04-25 23:35:52,335 - INFO - get_net_ns_by_id, cwe-416, 0, 0
2024-04-25 23:35:53,629 - INFO - usb_audio_probe, cwe-416, 1, 1
2024-04-25 23:35:55,340 - INFO - usb_audio_probe, cwe-416, 0, 1
2024-04-25 23:35:56,163 - INFO - audio_sample_entry_Read, cwe-416, 1, 1
2024-04-25 23:35:57,116 - INFO - audio_sample_entry_Read, cwe-416, 0, 1
2024-04-25 23:35:57,988 - INFO - ffs_user_copy_worker, cwe-416, 1, 1
2024-04-25 23:35:58,945 - INFO - ffs_user_copy_worker, cwe-416, 0, 1
2024-04-25 23:35:59,879 - INFO - ndpi_reset_packet_line_info, cwe-416, 1, 1
2024-04-25 23:36:00,818 - INFO - ndpi_reset_packet_line_info, cwe-416, 0, 1
2024-04-25 23:36:01,622 - INFO - snd_seq_device_dev_free, cwe-416, 1, 1
2024-04-25 23:36:02,495 - INFO - snd_seq_device_dev_free, cwe-416, 0, 1
2024-04-25 23:36:03,850 - INFO - __mdiobus_register, cwe-416, 1, 1
2024-04-25 23:36:04,917 - INFO - __mdiobus_register, cwe-416, 0, 1
2024-04-25 23:36:05,542 - INFO - mrb_io_initialize_copy, cwe-416, 1, 0
2024-04-25 23:36:06,498 - INFO - mrb_io_initialize_copy, cwe-416, 0, 1
2024-04-25 23:36:07,571 - INFO - SMB2_write, cwe-416, 1, 1
2024-04-25 23:36:08,391 - INFO - SMB2_write, cwe-416, 0, 0
2024-04-25 23:36:08,391 - INFO - Total Correct Pred: 54 has_vul Accuracy: 47.3684 vul_type accuracy: 47.3684
2024-04-25 23:36:08,391 - INFO - Scanning file: ./cve_dataset/train/cwe-125.jsonl
2024-04-25 23:36:09,212 - INFO - AdaptiveThresholdImage, cwe-125, 1, 1
2024-04-25 23:36:10,023 - INFO - AdaptiveThresholdImage, cwe-125, 0, 1
2024-04-25 23:36:10,627 - INFO - SyncExifProfile, cwe-125, 1, 0
2024-04-25 23:36:11,610 - INFO - SyncExifProfile, cwe-125, 0, 1
2024-04-25 23:36:12,718 - INFO - ng_pkt, cwe-125, 1, 1
2024-04-25 23:36:13,583 - INFO - ng_pkt, cwe-125, 0, 0
2024-04-25 23:36:14,702 - INFO - lha_read_file_header_1, cwe-125, 1, 1
2024-04-25 23:36:15,633 - INFO - lha_read_file_header_1, cwe-125, 0, 1
2024-04-25 23:36:16,535 - INFO - handle_eac3, cwe-125, 1, 1
2024-04-25 23:36:17,767 - INFO - handle_eac3, cwe-125, 0, 0
2024-04-25 23:36:18,763 - INFO - set_fdc, cwe-125, 1, 1
2024-04-25 23:36:19,909 - INFO - set_fdc, cwe-125, 0, 1
2024-04-25 23:36:20,901 - INFO - opmov, cwe-125, 1, 1
2024-04-25 23:36:22,093 - INFO - opmov, cwe-125, 0, 0
2024-04-25 23:36:23,852 - INFO - ares_parse_a_reply, cwe-125, 1, 1
2024-04-25 23:36:24,707 - INFO - ares_parse_a_reply, cwe-125, 0, 1
2024-04-25 23:36:25,558 - INFO - ExtractPostscript, cwe-125, 1, 1
2024-04-25 23:36:26,481 - INFO - ExtractPostscript, cwe-125, 0, 1
2024-04-25 23:36:27,350 - INFO - usb_get_bos_descriptor, cwe-125, 1, 1
2024-04-25 23:36:28,479 - INFO - usb_get_bos_descriptor, cwe-125, 0, 0
2024-04-25 23:36:29,409 - INFO - Mat_VarReadNextInfo4, cwe-125, 1, 0
2024-04-25 23:36:31,204 - INFO - Mat_VarReadNextInfo4, cwe-125, 0, 1
2024-04-25 23:36:31,913 - INFO - getToken, cwe-125, 1, 0
2024-04-25 23:36:32,876 - INFO - getToken, cwe-125, 0, 1
2024-04-25 23:36:33,796 - INFO - fiber_switch, cwe-125, 1, 1
2024-04-25 23:36:34,711 - INFO - fiber_switch, cwe-125, 0, 1
2024-04-25 23:36:35,211 - INFO - start_input_ppm, cwe-125, 1, 0
2024-04-25 23:36:36,684 - INFO - start_input_ppm, cwe-125, 0, 1
2024-04-25 23:36:37,356 - INFO - snd_usb_create_streams, cwe-125, 1, 0
2024-04-25 23:36:38,277 - INFO - snd_usb_create_streams, cwe-125, 0, 0
2024-04-25 23:36:39,371 - INFO - process_packet_tail, cwe-125, 1, 1
2024-04-25 23:36:40,082 - INFO - process_packet_tail, cwe-125, 0, 0
2024-04-25 23:36:40,948 - INFO - CSoundFile::GetLength, cwe-125, 1, 1
2024-04-25 23:36:41,814 - INFO - CSoundFile::GetLength, cwe-125, 0, 0
2024-04-25 23:36:42,901 - INFO - GetPSDRowSize, cwe-125, 1, 1
2024-04-25 23:36:44,154 - INFO - GetPSDRowSize, cwe-125, 0, 1
2024-04-25 23:36:45,051 - INFO - dex_loadcode, cwe-125, 1, 1
2024-04-25 23:36:45,985 - INFO - dex_loadcode, cwe-125, 0, 1
2024-04-25 23:36:47,021 - INFO - ReadSUNImage, cwe-125, 1, 1
2024-04-25 23:36:48,435 - INFO - ReadSUNImage, cwe-125, 0, 1
2024-04-25 23:36:49,665 - INFO - php_wddx_push_element, cwe-125, 1, 1
2024-04-25 23:36:51,088 - INFO - php_wddx_push_element, cwe-125, 0, 1
2024-04-25 23:36:51,899 - INFO - SMB2_negotiate, cwe-125, 1, 1
2024-04-25 23:36:52,790 - INFO - SMB2_negotiate, cwe-125, 0, 1
2024-04-25 23:36:53,723 - INFO - parse8BIM, cwe-125, 1, 1
2024-04-25 23:36:54,566 - INFO - parse8BIM, cwe-125, 0, 1
2024-04-25 23:36:55,752 - INFO - ParseDsdiffHeaderConfig, cwe-125, 1, 1
2024-04-25 23:36:56,336 - INFO - ParseDsdiffHeaderConfig, cwe-125, 0, 0
2024-04-25 23:36:57,678 - INFO - name_parse, cwe-125, 1, 1
2024-04-25 23:36:58,603 - INFO - name_parse, cwe-125, 0, 1
2024-04-25 23:37:00,146 - INFO - sctp_sf_ootb, cwe-125, 1, 1
2024-04-25 23:37:00,829 - INFO - sctp_sf_ootb, cwe-125, 0, 0
2024-04-25 23:37:01,740 - INFO - asylo::primitives::TrustedPrimitives::UntrustedCall, cwe-125, 1, 1
2024-04-25 23:37:02,506 - INFO - asylo::primitives::TrustedPrimitives::UntrustedCall, cwe-125, 0, 0
2024-04-25 23:37:03,755 - INFO - string_scan_range, cwe-125, 1, 0
2024-04-25 23:37:04,958 - INFO - string_scan_range, cwe-125, 0, 0
2024-04-25 23:37:05,803 - INFO - ReadMATImage, cwe-125, 1, 1
2024-04-25 23:37:06,511 - INFO - ReadMATImage, cwe-125, 0, 0
2024-04-25 23:37:07,155 - INFO - bitmap_cache_new, cwe-125, 1, 0
2024-04-25 23:37:08,024 - INFO - bitmap_cache_new, cwe-125, 0, 1
2024-04-25 23:37:08,966 - INFO - ImagingPcxDecode, cwe-125, 0, 0
2024-04-25 23:37:09,834 - INFO - glyph_cache_put, cwe-125, 1, 1
2024-04-25 23:37:10,762 - INFO - glyph_cache_put, cwe-125, 0, 1
2024-04-25 23:37:11,640 - INFO - read_Header, cwe-125, 1, 1
2024-04-25 23:37:13,042 - INFO - read_Header, cwe-125, 0, 1
2024-04-25 23:37:13,892 - INFO - ReadRLEImage, cwe-125, 1, 0
2024-04-25 23:37:14,860 - INFO - ReadRLEImage, cwe-125, 0, 0
2024-04-25 23:37:15,965 - INFO - HPHP::JSON_parser, cwe-125, 1, 0
2024-04-25 23:37:18,735 - INFO - HPHP::JSON_parser, cwe-125, 0, 1
2024-04-25 23:37:19,954 - INFO - jpc_pi_nextrpcl, cwe-125, 1, 1
2024-04-25 23:37:20,919 - INFO - jpc_pi_nextrpcl, cwe-125, 0, 1
2024-04-25 23:37:21,932 - INFO - match_at, cwe-125, 1, 1
2024-04-25 23:37:23,059 - INFO - match_at, cwe-125, 0, 1
2024-04-25 23:37:24,336 - INFO - ReadPSDImage, cwe-125, 1, 1
2024-04-25 23:37:25,289 - INFO - ReadPSDImage, cwe-125, 0, 1
2024-04-25 23:37:26,018 - INFO - decode_bundle, cwe-125, 1, 0
2024-04-25 23:37:27,054 - INFO - decode_bundle, cwe-125, 0, 1
2024-04-25 23:37:27,972 - INFO - SpliceImage, cwe-125, 1, 1
2024-04-25 23:37:28,824 - INFO - SpliceImage, cwe-125, 0, 0
2024-04-25 23:37:29,697 - INFO - wrap_lines_smart, cwe-125, 1, 1
2024-04-25 23:37:30,585 - INFO - wrap_lines_smart, cwe-125, 0, 1
2024-04-25 23:37:32,292 - INFO - repodata_schema2id, cwe-125, 1, 0
2024-04-25 23:37:33,169 - INFO - repodata_schema2id, cwe-125, 0, 1
2024-04-25 23:37:34,117 - INFO - ComplexImages, cwe-125, 1, 1
2024-04-25 23:37:34,903 - INFO - ComplexImages, cwe-125, 0, 1
2024-04-25 23:37:36,339 - INFO - ttm_put_pages, cwe-125, 1, 1
2024-04-25 23:37:37,948 - INFO - ttm_put_pages, cwe-125, 0, 1
2024-04-25 23:37:39,009 - INFO - matchCurrentInput, cwe-125, 1, 1
2024-04-25 23:37:39,769 - INFO - matchCurrentInput, cwe-125, 0, 1
2024-04-25 23:37:40,914 - INFO - ims_pcu_get_cdc_union_desc, cwe-125, 1, 0
2024-04-25 23:37:41,920 - INFO - ims_pcu_get_cdc_union_desc, cwe-125, 0, 1
2024-04-25 23:37:42,678 - INFO - tensorflow::QuantizeAndDequantizeV2Op::Compute, cwe-125, 1, 0
2024-04-25 23:37:43,549 - INFO - tensorflow::QuantizeAndDequantizeV2Op::Compute, cwe-125, 0, 1
2024-04-25 23:37:44,622 - INFO - _bson_iter_next_internal, cwe-125, 1, 1
2024-04-25 23:37:45,216 - INFO - _bson_iter_next_internal, cwe-125, 0, 0
2024-04-25 23:37:46,762 - INFO - enc_untrusted_inet_pton, cwe-125, 1, 1
2024-04-25 23:37:47,362 - INFO - enc_untrusted_inet_pton, cwe-125, 0, 0
2024-04-25 23:37:48,377 - INFO - tensorflow::GraphConstructor::MakeEdge, cwe-125, 1, 1
2024-04-25 23:37:49,344 - INFO - tensorflow::GraphConstructor::MakeEdge, cwe-125, 0, 1
2024-04-25 23:37:50,452 - INFO - DecompressRTF, cwe-125, 1, 1
2024-04-25 23:37:51,074 - INFO - DecompressRTF, cwe-125, 0, 0
2024-04-25 23:37:51,964 - INFO - ReadSGIImage, cwe-125, 1, 1
2024-04-25 23:37:52,853 - INFO - ReadSGIImage, cwe-125, 0, 1
2024-04-25 23:37:54,145 - INFO - dnxhd_decode_header, cwe-125, 1, 1
2024-04-25 23:37:54,905 - INFO - dnxhd_decode_header, cwe-125, 0, 0
2024-04-25 23:37:55,937 - INFO - WriteHDRImage, cwe-125, 1, 1
2024-04-25 23:37:56,569 - INFO - WriteHDRImage, cwe-125, 0, 0
2024-04-25 23:37:57,428 - INFO - voutf, cwe-125, 1, 1
2024-04-25 23:37:58,363 - INFO - voutf, cwe-125, 0, 1
2024-04-25 23:37:59,426 - INFO - pure_strcmp, cwe-125, 1, 1
2024-04-25 23:38:00,410 - INFO - pure_strcmp, cwe-125, 0, 1
2024-04-25 23:38:01,281 - INFO - read_quant_matrix_ext, cwe-125, 1, 1
2024-04-25 23:38:02,390 - INFO - read_quant_matrix_ext, cwe-125, 0, 1
2024-04-25 23:38:03,427 - INFO - Cipher::blowfishECB, cwe-125, 1, 1
2024-04-25 23:38:04,285 - INFO - Cipher::blowfishECB, cwe-125, 0, 1
2024-04-25 23:38:05,117 - INFO - java_switch_op, cwe-125, 1, 1
2024-04-25 23:38:06,449 - INFO - java_switch_op, cwe-125, 0, 1
2024-04-25 23:38:07,426 - INFO - ntlm_read_NegotiateMessage, cwe-125, 1, 1
2024-04-25 23:38:08,458 - INFO - ntlm_read_NegotiateMessage, cwe-125, 0, 1
2024-04-25 23:38:09,464 - INFO - enc_untrusted_inet_ntop, cwe-125, 1, 1
2024-04-25 23:38:10,967 - INFO - enc_untrusted_inet_ntop, cwe-125, 0, 1
2024-04-25 23:38:11,844 - INFO - ndpi_search_oracle, cwe-125, 1, 1
2024-04-25 23:38:12,744 - INFO - ndpi_search_oracle, cwe-125, 0, 1
2024-04-25 23:38:13,760 - INFO - rtc_irq_eoi_tracking_reset, cwe-125, 1, 1
2024-04-25 23:38:15,014 - INFO - rtc_irq_eoi_tracking_reset, cwe-125, 0, 1
2024-04-25 23:38:16,009 - INFO - concat_hash_string, cwe-125, 1, 1
2024-04-25 23:38:16,939 - INFO - concat_hash_string, cwe-125, 0, 1
2024-04-25 23:38:18,047 - INFO - DecodePSDPixels, cwe-125, 1, 0
2024-04-25 23:38:18,972 - INFO - DecodePSDPixels, cwe-125, 0, 1
2024-04-25 23:38:20,477 - INFO - _6502_op, cwe-125, 1, 1
2024-04-25 23:38:22,354 - INFO - _6502_op, cwe-125, 0, 1
2024-04-25 23:38:24,038 - INFO - string_scan_range, cwe-125, 1, 1
2024-04-25 23:38:25,114 - INFO - string_scan_range, cwe-125, 0, 1
2024-04-25 23:38:26,236 - INFO - cx24116_send_diseqc_msg, cwe-125, 1, 1
2024-04-25 23:38:27,132 - INFO - cx24116_send_diseqc_msg, cwe-125, 0, 1
2024-04-25 23:38:28,313 - INFO - MAPIPrint, cwe-125, 1, 1
2024-04-25 23:38:29,188 - INFO - MAPIPrint, cwe-125, 0, 0
2024-04-25 23:38:30,703 - INFO - readContigTilesIntoBuffer, cwe-125, 1, 1
2024-04-25 23:38:31,908 - INFO - readContigTilesIntoBuffer, cwe-125, 0, 1
2024-04-25 23:38:32,880 - INFO - TNEFParse, cwe-125, 1, 1
2024-04-25 23:38:33,778 - INFO - TNEFParse, cwe-125, 0, 1
2024-04-25 23:38:34,750 - INFO - ssl_parse_server_key_exchange, cwe-125, 1, 1
2024-04-25 23:38:35,972 - INFO - ssl_parse_server_key_exchange, cwe-125, 0, 1
2024-04-25 23:38:37,033 - INFO - HPHP::exif_scan_JPEG_header, cwe-125, 1, 1
2024-04-25 23:38:37,974 - INFO - HPHP::exif_scan_JPEG_header, cwe-125, 0, 1
2024-04-25 23:38:38,981 - INFO - forward_search_range, cwe-125, 1, 1
2024-04-25 23:38:39,880 - INFO - forward_search_range, cwe-125, 0, 1
2024-04-25 23:38:40,881 - INFO - mpeg4_decode_studio_block, cwe-125, 1, 0
2024-04-25 23:38:42,101 - INFO - mpeg4_decode_studio_block, cwe-125, 0, 1
2024-04-25 23:38:43,236 - INFO - S_grok_bslash_N, cwe-125, 1, 1
2024-04-25 23:38:45,384 - INFO - S_grok_bslash_N, cwe-125, 0, 1
2024-04-25 23:38:46,305 - INFO - enc_untrusted_read, cwe-125, 1, 1
2024-04-25 23:38:47,216 - INFO - enc_untrusted_read, cwe-125, 0, 1
2024-04-25 23:38:48,578 - INFO - WavpackVerifySingleBlock, cwe-125, 1, 1
2024-04-25 23:38:49,515 - INFO - WavpackVerifySingleBlock, cwe-125, 0, 1
2024-04-25 23:38:50,263 - INFO - ReadVIFFImage, cwe-125, 1, 0
2024-04-25 23:38:51,259 - INFO - ReadVIFFImage, cwe-125, 0, 1
2024-04-25 23:38:52,327 - INFO - core_anal_bytes, cwe-125, 1, 0
2024-04-25 23:38:53,242 - INFO - core_anal_bytes, cwe-125, 0, 1
2024-04-25 23:38:54,130 - INFO - update_read_bitmap_data, cwe-125, 1, 1
2024-04-25 23:38:55,381 - INFO - update_read_bitmap_data, cwe-125, 0, 1
2024-04-25 23:38:56,242 - INFO - autodetect_recv_bandwidth_measure_results, cwe-125, 1, 1
2024-04-25 23:38:56,964 - INFO - autodetect_recv_bandwidth_measure_results, cwe-125, 0, 0
2024-04-25 23:38:57,776 - INFO - ssl_parse_server_psk_hint, cwe-125, 1, 1
2024-04-25 23:38:58,689 - INFO - ssl_parse_server_psk_hint, cwe-125, 0, 1
2024-04-25 23:38:59,374 - INFO - youngcollection, cwe-125, 1, 1
2024-04-25 23:39:00,148 - INFO - youngcollection, cwe-125, 0, 1
2024-04-25 23:39:01,959 - INFO - ext4_fill_super, cwe-125, 1, 1
2024-04-25 23:39:02,977 - INFO - ext4_fill_super, cwe-125, 0, 1
2024-04-25 23:39:04,098 - INFO - mxf_parse_structural_metadata, cwe-125, 1, 1
2024-04-25 23:39:05,305 - INFO - mxf_parse_structural_metadata, cwe-125, 0, 1
2024-04-25 23:39:06,317 - INFO - parse_hid_report_descriptor, cwe-125, 1, 1
2024-04-25 23:39:07,471 - INFO - parse_hid_report_descriptor, cwe-125, 0, 1
2024-04-25 23:39:08,209 - INFO - fpm_log_write, cwe-125, 1, 0
2024-04-25 23:39:09,326 - INFO - fpm_log_write, cwe-125, 0, 1
2024-04-25 23:39:10,152 - INFO - load_tile, cwe-125, 1, 1
2024-04-25 23:39:11,111 - INFO - load_tile, cwe-125, 0, 0
2024-04-25 23:39:12,009 - INFO - hid_input_field, cwe-125, 1, 1
2024-04-25 23:39:13,493 - INFO - hid_input_field, cwe-125, 0, 0
2024-04-25 23:39:14,396 - INFO - gmc_mmx, cwe-125, 1, 0
2024-04-25 23:39:15,865 - INFO - gmc_mmx, cwe-125, 0, 0
2024-04-25 23:39:17,202 - INFO - decode_pointer_field, cwe-125, 1, 1
2024-04-25 23:39:18,885 - INFO - decode_pointer_field, cwe-125, 0, 1
2024-04-25 23:39:20,101 - INFO - ImagingFliDecode, cwe-125, 1, 1
2024-04-25 23:39:20,869 - INFO - ImagingFliDecode, cwe-125, 0, 1
2024-04-25 23:39:21,814 - INFO - saa7164_bus_get, cwe-125, 1, 1
2024-04-25 23:39:22,906 - INFO - saa7164_bus_get, cwe-125, 0, 1
2024-04-25 23:39:23,697 - INFO - parallel_process_irp_create, cwe-125, 1, 1
2024-04-25 23:39:24,442 - INFO - parallel_process_irp_create, cwe-125, 0, 0
2024-04-25 23:39:25,384 - INFO - tflite::GetOptionalInputTensor, cwe-125, 1, 1
2024-04-25 23:39:26,174 - INFO - tflite::GetOptionalInputTensor, cwe-125, 0, 0
2024-04-25 23:39:27,378 - INFO - ReadOneMNGImage, cwe-125, 1, 1
2024-04-25 23:39:28,194 - INFO - ReadOneMNGImage, cwe-125, 0, 1
2024-04-25 23:39:29,121 - INFO - WriteTIFFImage, cwe-125, 1, 1
2024-04-25 23:39:30,349 - INFO - WriteTIFFImage, cwe-125, 0, 1
2024-04-25 23:39:31,480 - INFO - adjust_scalar_min_max_vals, cwe-125, 1, 1
2024-04-25 23:39:33,103 - INFO - adjust_scalar_min_max_vals, cwe-125, 0, 1
2024-04-25 23:39:34,774 - INFO - ip_cmsg_recv_checksum, cwe-125, 1, 1
2024-04-25 23:39:35,457 - INFO - ip_cmsg_recv_checksum, cwe-125, 0, 0
2024-04-25 23:39:36,585 - INFO - HPHP::SimpleParser::TryParse, cwe-125, 1, 1
2024-04-25 23:39:37,438 - INFO - HPHP::SimpleParser::TryParse, cwe-125, 0, 1
2024-04-25 23:39:38,172 - INFO - _gdContributionsCalc, cwe-125, 1, 0
2024-04-25 23:39:39,288 - INFO - _gdContributionsCalc, cwe-125, 0, 1
2024-04-25 23:39:40,100 - INFO - Get8BIMProperty, cwe-125, 1, 1
2024-04-25 23:39:41,161 - INFO - Get8BIMProperty, cwe-125, 0, 0
2024-04-25 23:39:43,691 - INFO - parse_string, cwe-125, 1, 1
2024-04-25 23:39:44,567 - INFO - parse_string, cwe-125, 0, 1
2024-04-25 23:39:45,513 - INFO - dbd_st_prepare, cwe-125, 1, 1
2024-04-25 23:39:46,478 - INFO - dbd_st_prepare, cwe-125, 0, 1
2024-04-25 23:39:47,394 - INFO - get_uncompressed_data, cwe-125, 1, 1
2024-04-25 23:39:48,636 - INFO - get_uncompressed_data, cwe-125, 0, 1
2024-04-25 23:39:49,257 - INFO - security_fips_decrypt, cwe-125, 1, 0
2024-04-25 23:39:50,369 - INFO - security_fips_decrypt, cwe-125, 0, 1
2024-04-25 23:39:51,351 - INFO - update_read_icon_info, cwe-125, 1, 1
2024-04-25 23:39:52,034 - INFO - update_read_icon_info, cwe-125, 0, 0
2024-04-25 23:39:52,955 - INFO - usbhid_parse, cwe-125, 1, 1
2024-04-25 23:39:53,584 - INFO - usbhid_parse, cwe-125, 0, 0
2024-04-25 23:39:54,587 - INFO - HPHP::exif_process_APP12, cwe-125, 1, 1
2024-04-25 23:39:55,584 - INFO - HPHP::exif_process_APP12, cwe-125, 0, 0
2024-04-25 23:39:56,347 - INFO - modbus_reply, cwe-125, 1, 1
2024-04-25 23:39:57,148 - INFO - modbus_reply, cwe-125, 0, 1
2024-04-25 23:39:57,940 - INFO - store_versioninfo_gnu_verneed, cwe-125, 1, 1
2024-04-25 23:39:58,562 - INFO - store_versioninfo_gnu_verneed, cwe-125, 0, 0
2024-04-25 23:39:59,848 - INFO - ReadWPGImage, cwe-125, 1, 1
2024-04-25 23:40:00,941 - INFO - ReadWPGImage, cwe-125, 0, 1
2024-04-25 23:40:02,413 - INFO - gf_m2ts_process_pmt, cwe-125, 1, 1
2024-04-25 23:40:03,382 - INFO - gf_m2ts_process_pmt, cwe-125, 0, 1
2024-04-25 23:40:03,904 - INFO - next_line, cwe-125, 1, 0
2024-04-25 23:40:05,995 - INFO - next_line, cwe-125, 0, 1
2024-04-25 23:40:07,190 - INFO - X86_insn_reg_intel, cwe-125, 1, 1
2024-04-25 23:40:08,238 - INFO - X86_insn_reg_intel, cwe-125, 0, 1
2024-04-25 23:40:09,481 - INFO - r_bin_java_line_number_table_attr_new, cwe-125, 1, 1
2024-04-25 23:40:10,727 - INFO - r_bin_java_line_number_table_attr_new, cwe-125, 0, 1
2024-04-25 23:40:11,749 - INFO - decode_studio_vop_header, cwe-125, 1, 1
2024-04-25 23:40:12,605 - INFO - decode_studio_vop_header, cwe-125, 0, 0
2024-04-25 23:40:13,914 - INFO - str_lower_case_match, cwe-125, 1, 1
2024-04-25 23:40:15,000 - INFO - str_lower_case_match, cwe-125, 0, 1
2024-04-25 23:40:15,915 - INFO - HPHP::SimpleParser::handleBackslash, cwe-125, 1, 0
2024-04-25 23:40:17,587 - INFO - HPHP::SimpleParser::handleBackslash, cwe-125, 0, 0
2024-04-25 23:40:18,640 - INFO - avr_op_analyze, cwe-125, 1, 1
2024-04-25 23:40:20,030 - INFO - avr_op_analyze, cwe-125, 0, 1
2024-04-25 23:40:20,851 - INFO - uas_switch_interface, cwe-125, 1, 1
2024-04-25 23:40:22,339 - INFO - uas_switch_interface, cwe-125, 0, 1
2024-04-25 23:40:23,126 - INFO - sh_op, cwe-125, 1, 1
2024-04-25 23:40:24,499 - INFO - sh_op, cwe-125, 0, 1
2024-04-25 23:40:25,128 - INFO - ReadPSDChannelPixels, cwe-125, 1, 0
2024-04-25 23:40:26,100 - INFO - ReadPSDChannelPixels, cwe-125, 0, 1
2024-04-25 23:40:27,990 - INFO - ape_decode_frame, cwe-125, 1, 1
2024-04-25 23:40:28,911 - INFO - ape_decode_frame, cwe-125, 0, 1
2024-04-25 23:40:30,228 - INFO - WriteImageChannels, cwe-125, 1, 1
2024-04-25 23:40:31,165 - INFO - WriteImageChannels, cwe-125, 0, 1
2024-04-25 23:40:32,844 - INFO - HPHP::string_rfind, cwe-125, 1, 1
2024-04-25 23:40:35,846 - INFO - HPHP::string_rfind, cwe-125, 0, 1
2024-04-25 23:40:36,557 - INFO - store_versioninfo_gnu_verdef, cwe-125, 1, 0
2024-04-25 23:40:37,224 - INFO - store_versioninfo_gnu_verdef, cwe-125, 0, 0
2024-04-25 23:40:38,302 - INFO - enc_untrusted_recvfrom, cwe-125, 1, 1
2024-04-25 23:40:38,952 - INFO - enc_untrusted_recvfrom, cwe-125, 0, 0
2024-04-25 23:40:39,808 - INFO - license_read_new_or_upgrade_license_packet, cwe-125, 1, 1
2024-04-25 23:40:40,833 - INFO - license_read_new_or_upgrade_license_packet, cwe-125, 0, 1
2024-04-25 23:40:40,833 - INFO - Total Correct Pred: 129 has_vul Accuracy: 49.6154 vul_type accuracy: 49.6154
2024-04-25 23:40:40,833 - INFO - Scanning file: ./cve_dataset/train/cwe-078.jsonl
2024-04-25 23:40:41,855 - INFO - start, cwe-078, 1, 1
2024-04-25 23:40:42,725 - INFO - start, cwe-078, 0, 1
2024-04-25 23:40:43,439 - INFO - _map_vol_to_host, cwe-078, 1, 0
2024-04-25 23:40:44,244 - INFO - _map_vol_to_host, cwe-078, 0, 0
2024-04-25 23:40:45,053 - INFO - _delete_vdisk, cwe-078, 1, 0
2024-04-25 23:40:46,048 - INFO - _delete_vdisk, cwe-078, 0, 1
2024-04-25 23:40:46,650 - INFO - _cliq_run, cwe-078, 1, 0
2024-04-25 23:40:47,469 - INFO - _cliq_run, cwe-078, 0, 0
2024-04-25 23:40:48,535 - INFO - _set_qos_rule, cwe-078, 1, 1
2024-04-25 23:40:50,096 - INFO - _set_qos_rule, cwe-078, 0, 1
2024-04-25 23:40:50,960 - INFO - get_lines, cwe-078, 1, 1
2024-04-25 23:40:51,622 - INFO - get_lines, cwe-078, 0, 0
2024-04-25 23:40:52,474 - INFO - _modify_3par_iscsi_host, cwe-078, 1, 1
2024-04-25 23:40:53,623 - INFO - _modify_3par_iscsi_host, cwe-078, 0, 1
2024-04-25 23:40:54,669 - INFO - run_interactive_shell_command, cwe-078, 1, 1
2024-04-25 23:40:55,957 - INFO - run_interactive_shell_command, cwe-078, 0, 1
2024-04-25 23:40:57,081 - INFO - delete_video, cwe-078, 1, 1
2024-04-25 23:40:57,836 - INFO - delete_video, cwe-078, 0, 0
2024-04-25 23:40:58,459 - INFO - whitelist, cwe-078, 1, 0
2024-04-25 23:40:59,565 - INFO - whitelist, cwe-078, 0, 1
2024-04-25 23:41:00,517 - INFO - test_create_host, cwe-078, 1, 1
2024-04-25 23:41:01,754 - INFO - test_create_host, cwe-078, 0, 1
2024-04-25 23:41:02,454 - INFO - do_setup, cwe-078, 1, 0
2024-04-25 23:41:03,558 - INFO - do_setup, cwe-078, 0, 1
2024-04-25 23:41:04,693 - INFO - _execute_command_and_parse_attributes, cwe-078, 1, 1
2024-04-25 23:41:05,631 - INFO - _execute_command_and_parse_attributes, cwe-078, 0, 1
2024-04-25 23:41:06,707 - INFO - test_get_iscsi_ip_active, cwe-078, 1, 1
2024-04-25 23:41:07,798 - INFO - test_get_iscsi_ip_active, cwe-078, 0, 1
2024-04-25 23:41:08,853 - INFO - _find_host_from_wwpn, cwe-078, 1, 1
2024-04-25 23:41:10,245 - INFO - _find_host_from_wwpn, cwe-078, 0, 1
2024-04-25 23:41:10,863 - INFO - extend_volume, cwe-078, 1, 0
2024-04-25 23:41:11,837 - INFO - extend_volume, cwe-078, 0, 1
2024-04-25 23:41:12,863 - INFO - _get_host_from_connector, cwe-078, 1, 1
2024-04-25 23:41:13,556 - INFO - _get_host_from_connector, cwe-078, 0, 0
2024-04-25 23:41:14,683 - INFO - _get_hostvdisk_mappings, cwe-078, 1, 1
2024-04-25 23:41:15,605 - INFO - _get_hostvdisk_mappings, cwe-078, 0, 1
2024-04-25 23:41:16,434 - INFO - main, cwe-078, 1, 1
2024-04-25 23:41:17,523 - INFO - main, cwe-078, 0, 0
2024-04-25 23:41:18,638 - INFO - _get_vvset_from_3par, cwe-078, 1, 1
2024-04-25 23:41:19,624 - INFO - _get_vvset_from_3par, cwe-078, 0, 1
2024-04-25 23:41:20,502 - INFO - _get_flashcopy_mapping_attributes, cwe-078, 1, 1
2024-04-25 23:41:21,452 - INFO - _get_flashcopy_mapping_attributes, cwe-078, 0, 1
2024-04-25 23:41:22,417 - INFO - _add_volume_to_volume_set, cwe-078, 1, 0
2024-04-25 23:41:23,366 - INFO - _add_volume_to_volume_set, cwe-078, 0, 0
2024-04-25 23:41:24,317 - INFO - test_initialize_connection, cwe-078, 1, 1
2024-04-25 23:41:25,470 - INFO - test_initialize_connection, cwe-078, 0, 1
2024-04-25 23:41:27,480 - INFO - test_create_invalid_host, cwe-078, 1, 1
2024-04-25 23:41:28,490 - INFO - test_create_invalid_host, cwe-078, 0, 1
2024-04-25 23:41:29,804 - INFO - get_logs, cwe-078, 1, 1
2024-04-25 23:41:30,899 - INFO - get_logs, cwe-078, 0, 0
2024-04-25 23:41:33,042 - INFO - _make_fc_map, cwe-078, 1, 1
2024-04-25 23:41:33,707 - INFO - _make_fc_map, cwe-078, 0, 0
2024-04-25 23:41:34,279 - INFO - test_get_iscsi_ip, cwe-078, 1, 0
2024-04-25 23:41:35,125 - INFO - test_get_iscsi_ip, cwe-078, 0, 0
2024-04-25 23:41:36,149 - INFO - usage, cwe-078, 1, 1
2024-04-25 23:41:37,378 - INFO - usage, cwe-078, 0, 1
2024-04-25 23:41:38,806 - INFO - _get_fc_wwpns, cwe-078, 1, 1
2024-04-25 23:41:39,446 - INFO - _get_fc_wwpns, cwe-078, 0, 0
2024-04-25 23:41:40,401 - INFO - ls, cwe-078, 1, 1
2024-04-25 23:41:41,247 - INFO - ls, cwe-078, 0, 1
2024-04-25 23:41:42,516 - INFO - _run_ssh, cwe-078, 1, 1
2024-04-25 23:41:43,691 - INFO - _run_ssh, cwe-078, 0, 1
2024-04-25 23:41:44,803 - INFO - verify, cwe-078, 1, 1
2024-04-25 23:41:46,089 - INFO - verify, cwe-078, 0, 1
2024-04-25 23:41:47,602 - INFO - add_extra_args, cwe-078, 1, 1
2024-04-25 23:41:49,046 - INFO - add_extra_args, cwe-078, 0, 1
2024-04-25 23:41:49,994 - INFO - _get_vdisk_fc_mappings, cwe-078, 1, 0
2024-04-25 23:41:51,298 - INFO - _get_vdisk_fc_mappings, cwe-078, 0, 1
2024-04-25 23:41:52,246 - INFO - test_create_host, cwe-078, 1, 0
2024-04-25 23:41:53,105 - INFO - test_create_host, cwe-078, 0, 1
2024-04-25 23:41:54,274 - INFO - _copy_volume, cwe-078, 1, 1
2024-04-25 23:41:55,272 - INFO - _copy_volume, cwe-078, 0, 1
2024-04-25 23:41:56,965 - INFO - _get_active_nsp, cwe-078, 1, 1
2024-04-25 23:41:58,016 - INFO - _get_active_nsp, cwe-078, 0, 1
2024-04-25 23:41:58,951 - INFO - initialize_connection, cwe-078, 1, 1
2024-04-25 23:42:00,119 - INFO - initialize_connection, cwe-078, 0, 1
2024-04-25 23:42:01,848 - INFO - mkdir, cwe-078, 1, 1
2024-04-25 23:42:02,875 - INFO - mkdir, cwe-078, 0, 1
2024-04-25 23:42:03,981 - INFO - populate_custom_grains_and_pillar, cwe-078, 1, 0
2024-04-25 23:42:04,901 - INFO - populate_custom_grains_and_pillar, cwe-078, 0, 1
2024-04-25 23:42:06,227 - INFO - copy, cwe-078, 1, 1
2024-04-25 23:42:07,425 - INFO - copy, cwe-078, 0, 1
2024-04-25 23:42:08,074 - INFO - IsBlacklistedArg, cwe-078, 1, 0
2024-04-25 23:42:08,879 - INFO - IsBlacklistedArg, cwe-078, 0, 0
2024-04-25 23:42:09,652 - INFO - _remove_volume_from_volume_set, cwe-078, 1, 1
2024-04-25 23:42:10,616 - INFO - _remove_volume_from_volume_set, cwe-078, 0, 1
2024-04-25 23:42:11,496 - INFO - handle_message, cwe-078, 1, 1
2024-04-25 23:42:12,567 - INFO - handle_message, cwe-078, 0, 0
2024-04-25 23:42:13,440 - INFO - _add_chapsecret_to_host, cwe-078, 1, 0
2024-04-25 23:42:14,183 - INFO - _add_chapsecret_to_host, cwe-078, 0, 0
2024-04-25 23:42:15,118 - INFO - _call_prepare_fc_map, cwe-078, 1, 1
2024-04-25 23:42:16,353 - INFO - _call_prepare_fc_map, cwe-078, 0, 1
2024-04-25 23:42:17,309 - INFO - bin_symbols, cwe-078, 1, 1
2024-04-25 23:42:18,439 - INFO - bin_symbols, cwe-078, 0, 1
2024-04-25 23:42:19,178 - INFO - on_message, cwe-078, 1, 0
2024-04-25 23:42:19,971 - INFO - on_message, cwe-078, 0, 1
2024-04-25 23:42:21,016 - INFO - podbeuter::pb_controller::play_file, cwe-078, 1, 1
2024-04-25 23:42:22,166 - INFO - podbeuter::pb_controller::play_file, cwe-078, 0, 1
2024-04-25 23:42:23,096 - INFO - _find_host_exhaustive, cwe-078, 1, 1
2024-04-25 23:42:23,878 - INFO - _find_host_exhaustive, cwe-078, 0, 0
2024-04-25 23:42:24,656 - INFO - _create_vdisk, cwe-078, 1, 0
2024-04-25 23:42:25,634 - INFO - _create_vdisk, cwe-078, 0, 1
2024-04-25 23:42:26,815 - INFO - test_invalid_iscsi_ip, cwe-078, 1, 1
2024-04-25 23:42:27,957 - INFO - test_invalid_iscsi_ip, cwe-078, 0, 1
2024-04-25 23:42:29,071 - INFO - get_output, cwe-078, 1, 1
2024-04-25 23:42:29,885 - INFO - get_output, cwe-078, 0, 0
2024-04-25 23:42:30,596 - INFO - openscript, cwe-078, 1, 1
2024-04-25 23:42:31,649 - INFO - openscript, cwe-078, 0, 1
2024-04-25 23:42:32,573 - INFO - add_user, cwe-078, 1, 0
2024-04-25 23:42:33,520 - INFO - add_user, cwe-078, 0, 1
2024-04-25 23:42:35,741 - INFO - write_section, cwe-078, 1, 1
2024-04-25 23:42:37,306 - INFO - write_section, cwe-078, 0, 1
2024-04-25 23:42:39,096 - INFO - _update_volume_stats, cwe-078, 1, 1
2024-04-25 23:42:39,893 - INFO - _update_volume_stats, cwe-078, 0, 1
2024-04-25 23:42:40,642 - INFO - test_create_modify_host, cwe-078, 1, 0
2024-04-25 23:42:41,626 - INFO - test_create_modify_host, cwe-078, 0, 1
2024-04-25 23:42:42,386 - INFO - install, cwe-078, 1, 1
2024-04-25 23:42:43,494 - INFO - install, cwe-078, 0, 1
2024-04-25 23:42:44,696 - INFO - _get_least_used_nsp, cwe-078, 1, 1
2024-04-25 23:42:46,401 - INFO - _get_least_used_nsp, cwe-078, 0, 0
2024-04-25 23:42:47,080 - INFO - _start_fc_map, cwe-078, 1, 0
2024-04-25 23:42:47,739 - INFO - _start_fc_map, cwe-078, 0, 0
2024-04-25 23:42:48,646 - INFO - resolve_hostname, cwe-078, 1, 1
2024-04-25 23:42:49,286 - INFO - resolve_hostname, cwe-078, 0, 0
2024-04-25 23:42:50,182 - INFO - _modify_3par_fibrechan_host, cwe-078, 1, 1
2024-04-25 23:42:51,310 - INFO - _modify_3par_fibrechan_host, cwe-078, 0, 1
2024-04-25 23:42:52,212 - INFO - test_settings_path_skip_issue_909, cwe-078, 1, 0
2024-04-25 23:42:52,994 - INFO - test_settings_path_skip_issue_909, cwe-078, 0, 0
2024-04-25 23:42:53,867 - INFO - _create_3par_fibrechan_host, cwe-078, 1, 1
2024-04-25 23:42:55,455 - INFO - _create_3par_fibrechan_host, cwe-078, 0, 1
2024-04-25 23:42:55,923 - INFO - take_bug_report, cwe-078, 1, 0
2024-04-25 23:42:56,911 - INFO - take_bug_report, cwe-078, 0, 1
2024-04-25 23:42:57,862 - INFO - test_create_invalid_host, cwe-078, 1, 1
2024-04-25 23:42:59,029 - INFO - test_create_invalid_host, cwe-078, 0, 1
2024-04-25 23:43:00,179 - INFO - __getattr__.adb_call, cwe-078, 1, 1
2024-04-25 23:43:01,457 - INFO - __getattr__.adb_call, cwe-078, 0, 1
2024-04-25 23:43:02,818 - INFO - test_skip_paths_issue_938, cwe-078, 1, 1
2024-04-25 23:43:03,777 - INFO - test_skip_paths_issue_938, cwe-078, 0, 1
2024-04-25 23:43:04,771 - INFO - _ensure_vdisk_no_fc_mappings, cwe-078, 1, 1
2024-04-25 23:43:05,582 - INFO - _ensure_vdisk_no_fc_mappings, cwe-078, 0, 1
2024-04-25 23:43:06,819 - INFO - tcp_forward, cwe-078, 1, 1
2024-04-25 23:43:07,713 - INFO - tcp_forward, cwe-078, 0, 1
2024-04-25 23:43:08,369 - INFO - repack, cwe-078, 1, 0
2024-04-25 23:43:09,861 - INFO - repack, cwe-078, 0, 1
2024-04-25 23:43:10,947 - INFO - extend_volume, cwe-078, 1, 0
2024-04-25 23:43:12,003 - INFO - extend_volume, cwe-078, 0, 0
2024-04-25 23:43:12,881 - INFO - _remove_volume_set, cwe-078, 1, 1
2024-04-25 23:43:13,707 - INFO - _remove_volume_set, cwe-078, 0, 1
2024-04-25 23:43:14,657 - INFO - _get_3par_hostname_from_wwn_iqn, cwe-078, 1, 1
2024-04-25 23:43:15,776 - INFO - _get_3par_hostname_from_wwn_iqn, cwe-078, 0, 1
2024-04-25 23:43:16,551 - INFO - get_ports, cwe-078, 1, 0
2024-04-25 23:43:17,525 - INFO - get_ports, cwe-078, 0, 0
2024-04-25 23:43:18,732 - INFO - test_get_least_used_nsp, cwe-078, 1, 1
2024-04-25 23:43:19,912 - INFO - test_get_least_used_nsp, cwe-078, 0, 1
2024-04-25 23:43:21,231 - INFO - _cmd_to_dict, cwe-078, 1, 1
2024-04-25 23:43:22,289 - INFO - _cmd_to_dict, cwe-078, 0, 0
2024-04-25 23:43:23,442 - INFO - _cli_run, cwe-078, 1, 1
2024-04-25 23:43:24,520 - INFO - _cli_run, cwe-078, 0, 1
2024-04-25 23:43:26,178 - INFO - _call_external_zip, cwe-078, 1, 1
2024-04-25 23:43:27,558 - INFO - _call_external_zip, cwe-078, 0, 1
2024-04-25 23:43:28,317 - INFO - _create_host, cwe-078, 1, 1
2024-04-25 23:43:28,867 - INFO - _create_host, cwe-078, 0, 0
2024-04-25 23:43:29,368 - INFO - _get_iscsi_ip_addrs, cwe-078, 1, 0
2024-04-25 23:43:30,290 - INFO - _get_iscsi_ip_addrs, cwe-078, 0, 1
2024-04-25 23:43:31,652 - INFO - talk, cwe-078, 1, 1
2024-04-25 23:43:32,675 - INFO - talk, cwe-078, 0, 0
2024-04-25 23:43:33,725 - INFO - _exec_cmd, cwe-078, 1, 1
2024-04-25 23:43:35,343 - INFO - _exec_cmd, cwe-078, 0, 1
2024-04-25 23:43:36,501 - INFO - _get_conn_fc_wwpns, cwe-078, 1, 1
2024-04-25 23:43:37,694 - INFO - _get_conn_fc_wwpns, cwe-078, 0, 1
2024-04-25 23:43:38,575 - INFO - _create_3par_iscsi_host, cwe-078, 1, 1
2024-04-25 23:43:39,523 - INFO - _create_3par_iscsi_host, cwe-078, 0, 1
2024-04-25 23:43:40,789 - INFO - _delete_3par_host, cwe-078, 1, 1
2024-04-25 23:43:41,829 - INFO - _delete_3par_host, cwe-078, 0, 1
2024-04-25 23:43:42,799 - INFO - process_statistics, cwe-078, 1, 1
2024-04-25 23:43:43,892 - INFO - process_statistics, cwe-078, 0, 1
2024-04-25 23:43:44,897 - INFO - _delete_host, cwe-078, 1, 1
2024-04-25 23:43:46,079 - INFO - _delete_host, cwe-078, 0, 1
2024-04-25 23:43:47,217 - INFO - fetch, cwe-078, 1, 1
2024-04-25 23:43:48,058 - INFO - fetch, cwe-078, 0, 1
2024-04-25 23:43:49,074 - INFO - _formatCredentials, cwe-078, 1, 1
2024-04-25 23:43:50,138 - INFO - _formatCredentials, cwe-078, 0, 1
2024-04-25 23:43:51,121 - INFO - initHeader, cwe-078, 1, 1
2024-04-25 23:43:51,939 - INFO - initHeader, cwe-078, 0, 0
2024-04-25 23:43:53,177 - INFO - poll, cwe-078, 1, 1
2024-04-25 23:43:54,114 - INFO - poll, cwe-078, 0, 1
2024-04-25 23:43:54,838 - INFO - terminate_connection, cwe-078, 1, 0
2024-04-25 23:43:55,639 - INFO - terminate_connection, cwe-078, 0, 1
2024-04-25 23:43:56,565 - INFO - _port_conf_generator, cwe-078, 1, 1
2024-04-25 23:43:57,494 - INFO - _port_conf_generator, cwe-078, 0, 1
2024-04-25 23:43:57,494 - INFO - Total Correct Pred: 95 has_vul Accuracy: 50.0000 vul_type accuracy: 50.0000
2024-04-25 23:43:57,494 - INFO - Scanning file: ./cve_dataset/train/cwe-022.jsonl
2024-04-25 23:43:58,321 - INFO - dd_get_item_size, cwe-022, 1, 0
2024-04-25 23:43:59,079 - INFO - dd_get_item_size, cwe-022, 0, 1
2024-04-25 23:43:59,827 - INFO - zmi_page_request, cwe-022, 1, 1
2024-04-25 23:44:00,426 - INFO - zmi_page_request, cwe-022, 0, 0
2024-04-25 23:44:01,336 - INFO - nntp_hcache_namer, cwe-022, 1, 1
2024-04-25 23:44:02,588 - INFO - nntp_hcache_namer, cwe-022, 0, 1
2024-04-25 23:44:03,409 - INFO - TarFileReader::extract, cwe-022, 1, 1
2024-04-25 23:44:04,383 - INFO - TarFileReader::extract, cwe-022, 0, 1
2024-04-25 23:44:05,417 - INFO - handle_method_call, cwe-022, 1, 1
2024-04-25 23:44:06,351 - INFO - handle_method_call, cwe-022, 0, 0
2024-04-25 23:44:07,309 - INFO - _inject_file_into_fs, cwe-022, 1, 1
2024-04-25 23:44:07,958 - INFO - _inject_file_into_fs, cwe-022, 0, 0
2024-04-25 23:44:08,985 - INFO - set_interface_var, cwe-022, 1, 1
2024-04-25 23:44:09,908 - INFO - set_interface_var, cwe-022, 0, 1
2024-04-25 23:44:10,618 - INFO - cut, cwe-022, 1, 0
2024-04-25 23:44:12,127 - INFO - cut, cwe-022, 0, 1
2024-04-25 23:44:13,309 - INFO - wiki_handle_http_request, cwe-022, 1, 1
2024-04-25 23:44:14,184 - INFO - wiki_handle_http_request, cwe-022, 0, 1
2024-04-25 23:44:15,014 - INFO - candidate_paths_for_url, cwe-022, 1, 1
2024-04-25 23:44:16,112 - INFO - candidate_paths_for_url, cwe-022, 0, 1
2024-04-25 23:44:17,084 - INFO - updateKey, cwe-022, 1, 1
2024-04-25 23:44:17,862 - INFO - updateKey, cwe-022, 0, 1
2024-04-25 23:44:19,104 - INFO - create_basename_core, cwe-022, 1, 1
2024-04-25 23:44:19,947 - INFO - create_basename_core, cwe-022, 0, 1
2024-04-25 23:44:20,935 - INFO - get, cwe-022, 1, 1
2024-04-25 23:44:21,794 - INFO - get, cwe-022, 0, 1
2024-04-25 23:44:22,672 - INFO - PHYSICALPATH_FUNC, cwe-022, 1, 1
2024-04-25 23:44:23,473 - INFO - PHYSICALPATH_FUNC, cwe-022, 0, 1
2024-04-25 23:44:24,603 - INFO - download_check_files, cwe-022, 1, 1
2024-04-25 23:44:25,883 - INFO - download_check_files, cwe-022, 0, 1
2024-04-25 23:44:26,818 - INFO - get_files, cwe-022, 1, 1
2024-04-25 23:44:28,168 - INFO - get_files, cwe-022, 0, 1
2024-04-25 23:44:28,955 - INFO - handle, cwe-022, 1, 1
2024-04-25 23:44:29,989 - INFO - handle, cwe-022, 0, 1
2024-04-25 23:44:30,954 - INFO - dd_delete_item, cwe-022, 1, 0
2024-04-25 23:44:31,873 - INFO - dd_delete_item, cwe-022, 0, 1
2024-04-25 23:44:33,529 - INFO - render, cwe-022, 1, 1
2024-04-25 23:44:34,960 - INFO - render, cwe-022, 0, 1
2024-04-25 23:44:35,759 - INFO - _inject_net_into_fs, cwe-022, 1, 1
2024-04-25 23:44:36,623 - INFO - _inject_net_into_fs, cwe-022, 0, 1
2024-04-25 23:44:37,613 - INFO - canonicalize, cwe-022, 1, 1
2024-04-25 23:44:39,080 - INFO - canonicalize, cwe-022, 0, 1
2024-04-25 23:44:39,960 - INFO - CWebSock::GetSkinPath, cwe-022, 1, 1
2024-04-25 23:44:40,769 - INFO - CWebSock::GetSkinPath, cwe-022, 0, 0
2024-04-25 23:44:41,800 - INFO - addKey, cwe-022, 1, 1
2024-04-25 23:44:42,830 - INFO - addKey, cwe-022, 0, 1
2024-04-25 23:44:43,770 - INFO - dd_save_text, cwe-022, 1, 1
2024-04-25 23:44:45,128 - INFO - dd_save_text, cwe-022, 0, 1
2024-04-25 23:44:45,938 - INFO - misc_file_checks, cwe-022, 1, 0
2024-04-25 23:44:46,846 - INFO - misc_file_checks, cwe-022, 0, 1
2024-04-25 23:44:47,741 - INFO - dd_save_binary, cwe-022, 1, 1
2024-04-25 23:44:48,795 - INFO - dd_save_binary, cwe-022, 0, 1
2024-04-25 23:44:49,651 - INFO - pascal_case, cwe-022, 1, 1
2024-04-25 23:44:50,825 - INFO - pascal_case, cwe-022, 0, 1
2024-04-25 23:44:51,950 - INFO - cleanup_pathname, cwe-022, 1, 1
2024-04-25 23:44:52,964 - INFO - cleanup_pathname, cwe-022, 0, 1
2024-04-25 23:44:53,983 - INFO - create_dump_dir_from_problem_data, cwe-022, 1, 1
2024-04-25 23:44:55,347 - INFO - create_dump_dir_from_problem_data, cwe-022, 0, 1
2024-04-25 23:44:56,050 - INFO - list, cwe-022, 1, 0
2024-04-25 23:44:56,949 - INFO - list, cwe-022, 0, 1
2024-04-25 23:44:57,880 - INFO - process, cwe-022, 1, 1
2024-04-25 23:44:59,235 - INFO - process, cwe-022, 0, 1
2024-04-25 23:45:00,927 - INFO - imap_hcache_open, cwe-022, 1, 1
2024-04-25 23:45:02,385 - INFO - imap_hcache_open, cwe-022, 0, 1
2024-04-25 23:45:03,062 - INFO - _normalize, cwe-022, 1, 0
2024-04-25 23:45:04,020 - INFO - _normalize, cwe-022, 0, 1
2024-04-25 23:45:04,902 - INFO - dd_load_text_ext, cwe-022, 1, 1
2024-04-25 23:45:05,930 - INFO - dd_load_text_ext, cwe-022, 0, 1
2024-04-25 23:45:06,790 - INFO - _download_file, cwe-022, 1, 0
2024-04-25 23:45:08,002 - INFO - _download_file, cwe-022, 0, 1
2024-04-25 23:45:08,875 - INFO - Utility::UnZip, cwe-022, 1, 1
2024-04-25 23:45:09,568 - INFO - Utility::UnZip, cwe-022, 0, 0
2024-04-25 23:45:10,752 - INFO - save, cwe-022, 1, 1
2024-04-25 23:45:12,069 - INFO - save, cwe-022, 0, 1
2024-04-25 23:45:12,719 - INFO - wiki_handle_rest_call, cwe-022, 1, 0
2024-04-25 23:45:13,725 - INFO - wiki_handle_rest_call, cwe-022, 0, 1
2024-04-25 23:45:15,489 - INFO - handle_method_call, cwe-022, 1, 1
2024-04-25 23:45:16,339 - INFO - handle_method_call, cwe-022, 0, 1
2024-04-25 23:45:17,024 - INFO - HPHP::extractFileTo, cwe-022, 1, 0
2024-04-25 23:45:17,926 - INFO - HPHP::extractFileTo, cwe-022, 0, 1
2024-04-25 23:45:18,658 - INFO - new_goal, cwe-022, 1, 1
2024-04-25 23:45:19,932 - INFO - new_goal, cwe-022, 0, 1
2024-04-25 23:45:21,190 - INFO - _inject_admin_password_into_fs, cwe-022, 1, 1
2024-04-25 23:45:22,856 - INFO - _inject_admin_password_into_fs, cwe-022, 0, 1
2024-04-25 23:45:23,545 - INFO - get_paths, cwe-022, 1, 1
2024-04-25 23:45:24,559 - INFO - get_paths, cwe-022, 0, 1
2024-04-25 23:45:25,811 - INFO - compose_path, cwe-022, 1, 1
2024-04-25 23:45:26,799 - INFO - compose_path, cwe-022, 0, 1
2024-04-25 23:45:27,845 - INFO - valid_id, cwe-022, 1, 1
2024-04-25 23:45:28,694 - INFO - valid_id, cwe-022, 0, 1
2024-04-25 23:45:29,931 - INFO - get, cwe-022, 1, 1
2024-04-25 23:45:30,951 - INFO - get, cwe-022, 0, 1
2024-04-25 23:45:32,386 - INFO - dd_exist, cwe-022, 1, 1
2024-04-25 23:45:33,323 - INFO - dd_exist, cwe-022, 0, 1
2024-04-25 23:45:33,959 - INFO - is_cgi, cwe-022, 1, 0
2024-04-25 23:45:34,603 - INFO - is_cgi, cwe-022, 0, 0
2024-04-25 23:45:35,625 - INFO - deleteKey, cwe-022, 1, 1
2024-04-25 23:45:36,624 - INFO - deleteKey, cwe-022, 0, 1
2024-04-25 23:45:37,163 - INFO - set, cwe-022, 1, 1
2024-04-25 23:45:38,336 - INFO - set, cwe-022, 0, 1
2024-04-25 23:45:39,244 - INFO - _inject_key_into_fs, cwe-022, 1, 0
2024-04-25 23:45:40,128 - INFO - _inject_key_into_fs, cwe-022, 0, 1
2024-04-25 23:45:40,128 - INFO - Total Correct Pred: 51 has_vul Accuracy: 50.0000 vul_type accuracy: 50.0000
2024-04-25 23:45:40,129 - INFO - Scanning file: ./cve_dataset/train/cwe-476.jsonl
2024-04-25 23:45:40,947 - INFO - multiSelect, cwe-476, 1, 0
2024-04-25 23:45:41,750 - INFO - multiSelect, cwe-476, 0, 1
2024-04-25 23:45:42,657 - INFO - r_pkcs7_parse_cms, cwe-476, 1, 1
2024-04-25 23:45:44,594 - INFO - r_pkcs7_parse_cms, cwe-476, 0, 1
2024-04-25 23:45:45,404 - INFO - ReadDCMImage, cwe-476, 1, 1
2024-04-25 23:45:46,432 - INFO - ReadDCMImage, cwe-476, 0, 1
2024-04-25 23:45:47,419 - INFO - hash_accept, cwe-476, 1, 1
2024-04-25 23:45:48,219 - INFO - hash_accept, cwe-476, 0, 1
2024-04-25 23:45:49,414 - INFO - php_wddx_pop_element, cwe-476, 1, 1
2024-04-25 23:45:50,258 - INFO - php_wddx_pop_element, cwe-476, 0, 1
2024-04-25 23:45:51,348 - INFO - prplcb_xfer_new_send_cb, cwe-476, 1, 0
2024-04-25 23:45:52,521 - INFO - prplcb_xfer_new_send_cb, cwe-476, 0, 1
2024-04-25 23:45:53,442 - INFO - changedline, cwe-476, 1, 1
2024-04-25 23:45:54,374 - INFO - changedline, cwe-476, 0, 1
2024-04-25 23:45:55,327 - INFO - exprListAppendList, cwe-476, 1, 1
2024-04-25 23:45:56,257 - INFO - exprListAppendList, cwe-476, 0, 1
2024-04-25 23:45:57,168 - INFO - inet_rtm_getroute, cwe-476, 1, 1
2024-04-25 23:45:58,499 - INFO - inet_rtm_getroute, cwe-476, 0, 1
2024-04-25 23:46:00,599 - INFO - LookupModMask, cwe-476, 1, 1
2024-04-25 23:46:01,828 - INFO - LookupModMask, cwe-476, 0, 1
2024-04-25 23:46:02,666 - INFO - validate_as_request, cwe-476, 1, 1
2024-04-25 23:46:03,716 - INFO - validate_as_request, cwe-476, 0, 0
2024-04-25 23:46:04,594 - INFO - rfcomm_sock_bind, cwe-476, 1, 0
2024-04-25 23:46:05,515 - INFO - rfcomm_sock_bind, cwe-476, 0, 0
2024-04-25 23:46:06,877 - INFO - AP4_HdlrAtom::AP4_HdlrAtom, cwe-476, 1, 1
2024-04-25 23:46:07,986 - INFO - AP4_HdlrAtom::AP4_HdlrAtom, cwe-476, 0, 1
2024-04-25 23:46:09,201 - INFO - generatePreview, cwe-476, 1, 1
2024-04-25 23:46:10,417 - INFO - generatePreview, cwe-476, 0, 1
2024-04-25 23:46:11,470 - INFO - kvm_vm_ioctl_check_extension, cwe-476, 1, 1
2024-04-25 23:46:12,404 - INFO - kvm_vm_ioctl_check_extension, cwe-476, 0, 1
2024-04-25 23:46:13,353 - INFO - handle_client_startup, cwe-476, 1, 1
2024-04-25 23:46:14,375 - INFO - handle_client_startup, cwe-476, 0, 1
2024-04-25 23:46:15,173 - INFO - mrb_class_real, cwe-476, 1, 1
2024-04-25 23:46:16,058 - INFO - mrb_class_real, cwe-476, 0, 1
2024-04-25 23:46:16,841 - INFO - nsv_read_chunk, cwe-476, 1, 1
2024-04-25 23:46:17,527 - INFO - nsv_read_chunk, cwe-476, 0, 0
2024-04-25 23:46:18,446 - INFO - _kdc_as_rep, cwe-476, 1, 1
2024-04-25 23:46:20,238 - INFO - _kdc_as_rep, cwe-476, 0, 1
2024-04-25 23:46:21,268 - INFO - formUpdateBuffer, cwe-476, 1, 0
2024-04-25 23:46:22,314 - INFO - formUpdateBuffer, cwe-476, 0, 1
2024-04-25 23:46:23,124 - INFO - lexer_process_char_literal, cwe-476, 1, 1
2024-04-25 23:46:24,037 - INFO - lexer_process_char_literal, cwe-476, 0, 1
2024-04-25 23:46:24,615 - INFO - unimac_mdio_probe, cwe-476, 1, 0
2024-04-25 23:46:25,509 - INFO - unimac_mdio_probe, cwe-476, 0, 0
2024-04-25 23:46:26,874 - INFO - hi3660_stub_clk_probe, cwe-476, 1, 1
2024-04-25 23:46:27,541 - INFO - hi3660_stub_clk_probe, cwe-476, 0, 0
2024-04-25 23:46:28,437 - INFO - assoc_array_insert_into_terminal_node, cwe-476, 1, 1
2024-04-25 23:46:29,323 - INFO - assoc_array_insert_into_terminal_node, cwe-476, 0, 1
2024-04-25 23:46:30,346 - INFO - ipv4_pktinfo_prepare, cwe-476, 1, 1
2024-04-25 23:46:31,198 - INFO - ipv4_pktinfo_prepare, cwe-476, 0, 1
2024-04-25 23:46:31,845 - INFO - dex_parse_debug_item, cwe-476, 1, 0
2024-04-25 23:46:32,698 - INFO - dex_parse_debug_item, cwe-476, 0, 1
2024-04-25 23:46:33,986 - INFO - rds_cmsg_atomic, cwe-476, 1, 1
2024-04-25 23:46:34,732 - INFO - rds_cmsg_atomic, cwe-476, 0, 0
2024-04-25 23:46:35,641 - INFO - AP4_AtomFactory::CreateAtomFromStream, cwe-476, 1, 1
2024-04-25 23:46:36,369 - INFO - AP4_AtomFactory::CreateAtomFromStream, cwe-476, 0, 1
2024-04-25 23:46:37,211 - INFO - imcb_file_send_start, cwe-476, 1, 0
2024-04-25 23:46:38,491 - INFO - imcb_file_send_start, cwe-476, 0, 1
2024-04-25 23:46:40,170 - INFO - mpeg4video_probe, cwe-476, 1, 1
2024-04-25 23:46:41,286 - INFO - mpeg4video_probe, cwe-476, 0, 1
2024-04-25 23:46:42,331 - INFO - megasas_alloc_cmds, cwe-476, 1, 1
2024-04-25 23:46:43,450 - INFO - megasas_alloc_cmds, cwe-476, 0, 1
2024-04-25 23:46:44,740 - INFO - IRC_PROTOCOL_CALLBACK, cwe-476, 1, 1
2024-04-25 23:46:45,498 - INFO - IRC_PROTOCOL_CALLBACK, cwe-476, 0, 0
2024-04-25 23:46:46,502 - INFO - xfs_attr_shortform_to_leaf, cwe-476, 1, 1
2024-04-25 23:46:47,175 - INFO - xfs_attr_shortform_to_leaf, cwe-476, 0, 0
2024-04-25 23:46:48,432 - INFO - lys_restr_dup, cwe-476, 1, 1
2024-04-25 23:46:49,990 - INFO - lys_restr_dup, cwe-476, 0, 0
2024-04-25 23:46:50,859 - INFO - nfc_genl_deactivate_target, cwe-476, 1, 1
2024-04-25 23:46:51,843 - INFO - nfc_genl_deactivate_target, cwe-476, 0, 1
2024-04-25 23:46:52,941 - INFO - dnxhd_find_frame_end, cwe-476, 1, 1
2024-04-25 23:46:53,832 - INFO - dnxhd_find_frame_end, cwe-476, 0, 1
2024-04-25 23:46:55,461 - INFO - __rds_rdma_map, cwe-476, 1, 1
2024-04-25 23:46:56,095 - INFO - __rds_rdma_map, cwe-476, 0, 0
2024-04-25 23:46:57,002 - INFO - daemon_AuthUserPwd, cwe-476, 1, 1
2024-04-25 23:46:57,995 - INFO - daemon_AuthUserPwd, cwe-476, 0, 1
2024-04-25 23:46:58,740 - INFO - run, cwe-476, 1, 0
2024-04-25 23:46:59,753 - INFO - run, cwe-476, 0, 1
2024-04-25 23:47:01,230 - INFO - open_ssl_connection, cwe-476, 1, 1
2024-04-25 23:47:01,988 - INFO - open_ssl_connection, cwe-476, 0, 1
2024-04-25 23:47:02,718 - INFO - copyIPv6IfDifferent, cwe-476, 1, 0
2024-04-25 23:47:03,862 - INFO - copyIPv6IfDifferent, cwe-476, 0, 1
2024-04-25 23:47:05,126 - INFO - archive_acl_from_text_l, cwe-476, 1, 1
2024-04-25 23:47:06,612 - INFO - archive_acl_from_text_l, cwe-476, 0, 1
2024-04-25 23:47:07,621 - INFO - avcodec_open2, cwe-476, 1, 1
2024-04-25 23:47:08,657 - INFO - avcodec_open2, cwe-476, 0, 1
2024-04-25 23:47:09,539 - INFO - tflite::Subgraph::Invoke, cwe-476, 1, 1
2024-04-25 23:47:10,728 - INFO - tflite::Subgraph::Invoke, cwe-476, 0, 1
2024-04-25 23:47:11,342 - INFO - store_versioninfo_gnu_verdef, cwe-476, 1, 0
2024-04-25 23:47:12,016 - INFO - store_versioninfo_gnu_verdef, cwe-476, 0, 0
2024-04-25 23:47:13,288 - INFO - upnp_redirect, cwe-476, 1, 1
2024-04-25 23:47:13,997 - INFO - upnp_redirect, cwe-476, 0, 0
2024-04-25 23:47:15,478 - INFO - WriteOnePNGImage, cwe-476, 1, 1
2024-04-25 23:47:16,346 - INFO - WriteOnePNGImage, cwe-476, 0, 1
2024-04-25 23:47:17,702 - INFO - ReadPSDChannel, cwe-476, 1, 1
2024-04-25 23:47:18,728 - INFO - ReadPSDChannel, cwe-476, 0, 1
2024-04-25 23:47:19,505 - INFO - keyctl_read_key, cwe-476, 1, 0
2024-04-25 23:47:20,696 - INFO - keyctl_read_key, cwe-476, 0, 1
2024-04-25 23:47:22,168 - INFO - ExprResolveLhs, cwe-476, 1, 1
2024-04-25 23:47:22,735 - INFO - ExprResolveLhs, cwe-476, 0, 0
2024-04-25 23:47:23,355 - INFO - tar_directory_for_file, cwe-476, 1, 0
2024-04-25 23:47:24,168 - INFO - tar_directory_for_file, cwe-476, 0, 1
2024-04-25 23:47:25,251 - INFO - crypto_skcipher_init_tfm, cwe-476, 1, 1
2024-04-25 23:47:25,867 - INFO - crypto_skcipher_init_tfm, cwe-476, 0, 0
2024-04-25 23:47:26,762 - INFO - fm10k_init_module, cwe-476, 1, 1
2024-04-25 23:47:27,730 - INFO - fm10k_init_module, cwe-476, 0, 1
2024-04-25 23:47:28,750 - INFO - parse_class, cwe-476, 1, 1
2024-04-25 23:47:29,677 - INFO - parse_class, cwe-476, 0, 1
2024-04-25 23:47:30,524 - INFO - lexer_process_char_literal, cwe-476, 1, 1
2024-04-25 23:47:31,359 - INFO - lexer_process_char_literal, cwe-476, 0, 1
2024-04-25 23:47:33,252 - INFO - mrb_obj_clone, cwe-476, 1, 1
2024-04-25 23:47:34,244 - INFO - mrb_obj_clone, cwe-476, 0, 1
2024-04-25 23:47:35,772 - INFO - big_key_init, cwe-476, 1, 1
2024-04-25 23:47:36,665 - INFO - big_key_init, cwe-476, 0, 1
2024-04-25 23:47:37,502 - INFO - flattenSubquery, cwe-476, 1, 1
2024-04-25 23:47:38,378 - INFO - flattenSubquery, cwe-476, 0, 1
2024-04-25 23:47:39,035 - INFO - CompileKeymap, cwe-476, 1, 0
2024-04-25 23:47:39,908 - INFO - CompileKeymap, cwe-476, 0, 1
2024-04-25 23:47:41,106 - INFO - avpriv_ac3_parse_header, cwe-476, 1, 1
2024-04-25 23:47:41,826 - INFO - avpriv_ac3_parse_header, cwe-476, 0, 0
2024-04-25 23:47:42,609 - INFO - mailimf_group_parse, cwe-476, 1, 0
2024-04-25 23:47:43,417 - INFO - mailimf_group_parse, cwe-476, 0, 1
2024-04-25 23:47:44,350 - INFO - srpt_handle_tsk_mgmt, cwe-476, 1, 1
2024-04-25 23:47:44,918 - INFO - srpt_handle_tsk_mgmt, cwe-476, 0, 0
2024-04-25 23:47:45,891 - INFO - ResolveStateAndPredicate, cwe-476, 1, 1
2024-04-25 23:47:47,146 - INFO - ResolveStateAndPredicate, cwe-476, 0, 1
2024-04-25 23:47:48,315 - INFO - GetOutboundPinholeTimeout, cwe-476, 1, 1
2024-04-25 23:47:49,116 - INFO - GetOutboundPinholeTimeout, cwe-476, 0, 1
2024-04-25 23:47:50,151 - INFO - AP4_AtomSampleTable::GetSample, cwe-476, 1, 1
2024-04-25 23:47:51,213 - INFO - AP4_AtomSampleTable::GetSample, cwe-476, 0, 1
2024-04-25 23:47:52,370 - INFO - acc_ctx_cont, cwe-476, 1, 1
2024-04-25 23:47:53,294 - INFO - acc_ctx_cont, cwe-476, 0, 0
2024-04-25 23:47:54,707 - INFO - chmd_read_headers, cwe-476, 1, 1
2024-04-25 23:47:55,700 - INFO - chmd_read_headers, cwe-476, 0, 1
2024-04-25 23:47:56,866 - INFO - filter_session_io, cwe-476, 1, 1
2024-04-25 23:47:57,566 - INFO - filter_session_io, cwe-476, 0, 0
2024-04-25 23:47:58,270 - INFO - x86_decode_insn, cwe-476, 1, 0
2024-04-25 23:47:59,177 - INFO - x86_decode_insn, cwe-476, 0, 1
2024-04-25 23:48:00,019 - INFO - expand_downwards, cwe-476, 1, 1
2024-04-25 23:48:00,684 - INFO - expand_downwards, cwe-476, 0, 0
2024-04-25 23:48:00,684 - INFO - Total Correct Pred: 70 has_vul Accuracy: 50.0000 vul_type accuracy: 50.0000
